/tmp/slurmd/job02846/slurm_script: 12: [: missing ]
my rank=0
Rank=0: number of processes =4
my rank=1
Rank=1: number of processes =4
my rank=2
Rank=2: number of processes =4
my rank=3
Rank=3: number of processes =4
Rank=0: received message a of 1 bytes from rank 1; Recv time 0.018000 millisec
Rank=0: received message a of 2 bytes from rank 1; Recv time 0.015000 millisec
Rank=0: received message a of 4 bytes from rank 1; Recv time 0.004000 millisec
Rank=0: received message a of 8 bytes from rank 1; Recv time 0.013000 millisec
Rank=0: received message a of 16 bytes from rank 1; Recv time 0.001000 millisec
Rank=1: sent of 1 bytes to rank 0; Send time 0.009000 millisec
Rank=1: sent of 2 bytes to rank 0; Send time 0.009000 millisec
Rank=1: sent of 4 bytes to rank 0; Send time 0.009000 millisec
Rank=0: received message a of 32 bytes from rank 1; Recv time 0.015000 millisec
Rank=1: sent of 8 bytes to rank 0; Send time 0.011000 millisec
Rank=0: received message a of 64 bytes from rank 1; Recv time 0.116000 millisec
Rank=0: received message a of 128 bytes from rank 1; Recv time 0.002000 millisec
Rank=0: received message a of 256 bytes from rank 1; Recv time 0.001000 millisec
Rank=0: received message a of 512 bytes from rank 1; Recv time 0.001000 millisec
Rank=0: received message a of 1024 bytes from rank 1; Recv time 0.001000 millisec
Rank=0: received message a of 2048 bytes from rank 1; Recv time 0.009000 millisec
Rank=1: sent of 16 bytes to rank 0; Send time 0.009000 millisec
Rank=3: sent 1 bytes to rank 2; Send time 0.009000 millisec
Rank=2: received message a of 1 bytes from rank 3; Recv time 0.011000 millisec
Rank=2: received message a of 2 bytes from rank 3; Recv time 0.008000 millisec
Rank=0: received message a of 4096 bytes from rank 1; Recv time 0.056000 millisec
Rank=3: sent 2 bytes to rank 2; Send time 0.009000 millisec
Rank=3: sent 4 bytes to rank 2; Send time 0.011000 millisec
Rank=2: received message a of 4 bytes from rank 3; Recv time 0.012000 millisec
Rank=2: received message a of 8 bytes from rank 3; Recv time 0.008000 millisec
Rank=1: sent of 32 bytes to rank 0; Send time 0.008000 millisec
Rank=1: sent of 64 bytes to rank 0; Send time 0.011000 millisec
Rank=1: sent of 128 bytes to rank 0; Send time 0.008000 millisec
Rank=3: sent 8 bytes to rank 2; Send time 0.008000 millisec
Rank=2: received message a of 16 bytes from rank 3; Recv time 0.011000 millisec
Rank=2: received message a of 32 bytes from rank 3; Recv time 0.007000 millisec
Rank=0: received message a of 8192 bytes from rank 1; Recv time 0.109000 millisec
Rank=2: received message a of 64 bytes from rank 3; Recv time 0.011000 millisec
Rank=1: sent of 256 bytes to rank 0; Send time 0.011000 millisec
Rank=3: sent 16 bytes to rank 2; Send time 0.009000 millisec
Rank=3: sent 32 bytes to rank 2; Send time 0.009000 millisec
Rank=2: received message a of 128 bytes from rank 3; Recv time 0.007000 millisec
Rank=1: sent of 512 bytes to rank 0; Send time 0.008000 millisec
Rank=1: sent of 1024 bytes to rank 0; Send time 0.008000 millisec
Rank=3: sent 64 bytes to rank 2; Send time 0.009000 millisec
Rank=2: received message a of 256 bytes from rank 3; Recv time 0.016000 millisec
Rank=1: sent of 2048 bytes to rank 0; Send time 0.016000 millisec
Rank=0: received message a of 16384 bytes from rank 1; Recv time 0.134000 millisec
Rank=3: sent 128 bytes to rank 2; Send time 0.012000 millisec
Rank=2: received message a of 512 bytes from rank 3; Recv time 0.025000 millisec
Rank=1: sent of 4096 bytes to rank 0; Send time 0.007000 millisec
Rank=2: received message a of 1024 bytes from rank 3; Recv time 0.011000 millisec
Rank=1: sent of 8192 bytes to rank 0; Send time 0.008000 millisec
Rank=3: sent 256 bytes to rank 2; Send time 0.009000 millisec
Rank=3: sent 512 bytes to rank 2; Send time 0.011000 millisec
Rank=3: sent 1024 bytes to rank 2; Send time 0.009000 millisec
Rank=2: received message a of 2048 bytes from rank 3; Recv time 0.042000 millisec
Rank=1: sent of 16384 bytes to rank 0; Send time 0.018000 millisec
Rank=3: sent 2048 bytes to rank 2; Send time 0.019000 millisec
Rank=2: received message a of 4096 bytes from rank 3; Recv time 0.112000 millisec
Rank=1: sent of 32768 bytes to rank 0; Send time 0.039000 millisec
Rank=3: sent 4096 bytes to rank 2; Send time 0.014000 millisec
Rank=2: received message a of 8192 bytes from rank 3; Recv time 0.034000 millisec
Rank=3: sent 8192 bytes to rank 2; Send time 0.014000 millisec
Rank=3: sent 16384 bytes to rank 2; Send time 0.019000 millisec
Rank=2: received message a of 16384 bytes from rank 3; Recv time 0.152000 millisec
Rank=0: received message a of 32768 bytes from rank 1; Recv time 0.257000 millisec
Rank=3: sent 32768 bytes to rank 2; Send time 0.022000 millisec
Rank=2: received message a of 32768 bytes from rank 3; Recv time 0.280000 millisec
Rank=3: sent 65536 bytes to rank 2; Send time 0.730000 millisec
Rank=1: sent of 65536 bytes to rank 0; Send time 0.710000 millisec
Rank=0: received message a of 65536 bytes from rank 1; Recv time 0.750000 millisec
Rank=2: received message a of 65536 bytes from rank 3; Recv time 0.787000 millisec
Rank=3: sent 131072 bytes to rank 2; Send time 0.785000 millisec
Rank=1: sent of 131072 bytes to rank 0; Send time 0.745000 millisec
Rank=0: received message a of 131072 bytes from rank 1; Recv time 1.282000 millisec
Rank=2: received message a of 131072 bytes from rank 3; Recv time 1.309000 millisec
Rank=1: sent of 262144 bytes to rank 0; Send time 1.332000 millisec
Rank=3: sent 262144 bytes to rank 2; Send time 2.204000 millisec
Rank=0: received message a of 262144 bytes from rank 1; Recv time 2.391000 millisec
Rank=2: received message a of 262144 bytes from rank 3; Recv time 2.407000 millisec
Rank=3: sent 524288 bytes to rank 2; Send time 3.805000 millisec
Rank=1: sent of 524288 bytes to rank 0; Send time 4.821000 millisec
Rank=0: received message a of 524288 bytes from rank 1; Recv time 4.619000 millisec
Rank=2: received message a of 524288 bytes from rank 3; Recv time 4.618000 millisec
Rank=3: sent 1048576 bytes to rank 2; Send time 9.145000 millisec
Rank=1: sent of 1048576 bytes to rank 0; Send time 9.016000 millisec
Rank=0: received message a of 1048576 bytes from rank 1; Recv time 9.071000 millisec
Rank=2: received message a of 1048576 bytes from rank 3; Recv time 9.073000 millisec
Rank=1: sent of 2097152 bytes to rank 0; Send time 17.681000 millisec
Rank=3: sent 2097152 bytes to rank 2; Send time 18.580000 millisec
Rank=0: received message a of 2097152 bytes from rank 1; Recv time 17.989000 millisec
Rank=2: received message a of 2097152 bytes from rank 3; Recv time 17.981000 millisec
Rank=1: sent of 4194304 bytes to rank 0; Send time 36.490000 millisec
Rank=3: sent 4194304 bytes to rank 2; Send time 35.574000 millisec
Rank=0: received message a of 4194304 bytes from rank 1; Recv time 35.820000 millisec
Rank=2: received message a of 4194304 bytes from rank 3; Recv time 35.809000 millisec
