/tmp/slurmd/job01097/slurm_script: 10: [: missing ]
my rank=0
Rank=0: number of processes =4
my rank=2
Rank=2: number of processes =4
my rank=1
Rank=1: number of processes =4
my rank=3
Rank=3: number of processes =4
Rank=0: received message a of 1 bytes from rank 1; Recv time 0.467000 millisec
Rank=2: received message a of 1 bytes from rank 3; Recv time 0.444000 millisec
Rank=3: sent 1 bytes to rank 2; Send time 0.316000 millisec
Rank=1: sent of 1 bytes to rank 0; Send time 0.317000 millisec
Rank=0: received message a of 2 bytes from rank 1; Recv time 0.172000 millisec
Rank=0: received message a of 4 bytes from rank 1; Recv time 0.005000 millisec
Rank=0: received message a of 8 bytes from rank 1; Recv time 0.001000 millisec
Rank=0: received message a of 16 bytes from rank 1; Recv time 0.001000 millisec
Rank=0: received message a of 32 bytes from rank 1; Recv time 0.001000 millisec
Rank=0: received message a of 64 bytes from rank 1; Recv time 0.001000 millisec
Rank=0: received message a of 128 bytes from rank 1; Recv time 0.001000 millisec
Rank=0: received message a of 256 bytes from rank 1; Recv time 0.001000 millisec
Rank=0: received message a of 512 bytes from rank 1; Recv time 0.001000 millisec
Rank=2: received message a of 2 bytes from rank 3; Recv time 0.012000 millisec
Rank=3: sent 2 bytes to rank 2; Send time 0.009000 millisec
Rank=1: sent of 2 bytes to rank 0; Send time 0.010000 millisec
Rank=1: sent of 4 bytes to rank 0; Send time 0.008000 millisec
Rank=3: sent 4 bytes to rank 2; Send time 0.008000 millisec
Rank=0: received message a of 1024 bytes from rank 1; Recv time 0.030000 millisec
Rank=0: received message a of 2048 bytes from rank 1; Recv time 0.001000 millisec
Rank=0: received message a of 4096 bytes from rank 1; Recv time 0.001000 millisec
Rank=2: received message a of 4 bytes from rank 3; Recv time 0.055000 millisec
Rank=3: sent 8 bytes to rank 2; Send time 0.008000 millisec
Rank=1: sent of 8 bytes to rank 0; Send time 0.008000 millisec
Rank=2: received message a of 8 bytes from rank 3; Recv time 0.005000 millisec
Rank=2: received message a of 16 bytes from rank 3; Recv time 0.001000 millisec
Rank=3: sent 16 bytes to rank 2; Send time 0.008000 millisec
Rank=1: sent of 16 bytes to rank 0; Send time 0.009000 millisec
Rank=0: received message a of 8192 bytes from rank 1; Recv time 0.069000 millisec
Rank=2: received message a of 32 bytes from rank 3; Recv time 0.001000 millisec
Rank=2: received message a of 64 bytes from rank 3; Recv time 0.001000 millisec
Rank=3: sent 32 bytes to rank 2; Send time 0.008000 millisec
Rank=3: sent 64 bytes to rank 2; Send time 0.008000 millisec
Rank=1: sent of 32 bytes to rank 0; Send time 0.009000 millisec
Rank=2: received message a of 128 bytes from rank 3; Recv time 0.013000 millisec
Rank=2: received message a of 256 bytes from rank 3; Recv time 0.001000 millisec
Rank=2: received message a of 512 bytes from rank 3; Recv time 0.008000 millisec
Rank=3: sent 128 bytes to rank 2; Send time 0.009000 millisec
Rank=1: sent of 64 bytes to rank 0; Send time 0.008000 millisec
Rank=2: received message a of 1024 bytes from rank 3; Recv time 0.008000 millisec
Rank=3: sent 256 bytes to rank 2; Send time 0.009000 millisec
Rank=1: sent of 128 bytes to rank 0; Send time 0.008000 millisec
Rank=1: sent of 256 bytes to rank 0; Send time 0.008000 millisec
Rank=2: received message a of 2048 bytes from rank 3; Recv time 0.041000 millisec
Rank=3: sent 512 bytes to rank 2; Send time 0.009000 millisec
Rank=3: sent 1024 bytes to rank 2; Send time 0.013000 millisec
Rank=1: sent of 512 bytes to rank 0; Send time 0.009000 millisec
Rank=1: sent of 1024 bytes to rank 0; Send time 0.006000 millisec
Rank=1: sent of 2048 bytes to rank 0; Send time 0.019000 millisec
Rank=1: sent of 4096 bytes to rank 0; Send time 0.013000 millisec
Rank=3: sent 2048 bytes to rank 2; Send time 0.016000 millisec
Rank=0: received message a of 16384 bytes from rank 1; Recv time 0.223000 millisec
Rank=2: received message a of 4096 bytes from rank 3; Recv time 0.100000 millisec
Rank=3: sent 4096 bytes to rank 2; Send time 0.013000 millisec
Rank=1: sent of 8192 bytes to rank 0; Send time 0.008000 millisec
Rank=2: received message a of 8192 bytes from rank 3; Recv time 0.028000 millisec
Rank=3: sent 8192 bytes to rank 2; Send time 0.016000 millisec
Rank=1: sent of 16384 bytes to rank 0; Send time 0.021000 millisec
Rank=3: sent 16384 bytes to rank 2; Send time 0.020000 millisec
Rank=1: sent of 32768 bytes to rank 0; Send time 0.019000 millisec
Rank=3: sent 32768 bytes to rank 2; Send time 0.019000 millisec
Rank=2: received message a of 16384 bytes from rank 3; Recv time 0.217000 millisec
Rank=0: received message a of 32768 bytes from rank 1; Recv time 0.174000 millisec
Rank=2: received message a of 32768 bytes from rank 3; Recv time 0.161000 millisec
Rank=1: sent of 65536 bytes to rank 0; Send time 0.670000 millisec
Rank=3: sent 65536 bytes to rank 2; Send time 0.651000 millisec
Rank=0: received message a of 65536 bytes from rank 1; Recv time 0.745000 millisec
Rank=2: received message a of 65536 bytes from rank 3; Recv time 0.756000 millisec
Rank=1: sent of 131072 bytes to rank 0; Send time 0.748000 millisec
Rank=3: sent 131072 bytes to rank 2; Send time 0.755000 millisec
Rank=0: received message a of 131072 bytes from rank 1; Recv time 1.275000 millisec
Rank=2: received message a of 131072 bytes from rank 3; Recv time 1.277000 millisec
Rank=1: sent of 262144 bytes to rank 0; Send time 1.322000 millisec
Rank=3: sent 262144 bytes to rank 2; Send time 1.326000 millisec
Rank=0: received message a of 262144 bytes from rank 1; Recv time 2.398000 millisec
Rank=2: received message a of 262144 bytes from rank 3; Recv time 2.395000 millisec
Rank=1: sent of 524288 bytes to rank 0; Send time 4.829000 millisec
Rank=3: sent 524288 bytes to rank 2; Send time 4.829000 millisec
Rank=0: received message a of 524288 bytes from rank 1; Recv time 4.616000 millisec
Rank=2: received message a of 524288 bytes from rank 3; Recv time 4.621000 millisec
Rank=1: sent of 1048576 bytes to rank 0; Send time 8.965000 millisec
Rank=3: sent 1048576 bytes to rank 2; Send time 8.989000 millisec
Rank=0: received message a of 1048576 bytes from rank 1; Recv time 9.073000 millisec
Rank=2: received message a of 1048576 bytes from rank 3; Recv time 9.072000 millisec
