/tmp/slurmd/job02860/slurm_script: 12: [: missing ]
my rank=0
Rank=0: number of processes =4
my rank=1
Rank=1: number of processes =4
my rank=2
Rank=2: number of processes =4
my rank=3
Rank=3: number of processes =4
Rank=1: sent of 1 bytes to rank 0; Send time 0.006600 millisec
Rank=0: received message a of 1 bytes from rank 1; Recv time 0.014100 millisec
Rank=0: received message a of 2 bytes from rank 1; Recv time 0.000500 millisec
Rank=0: received message a of 4 bytes from rank 1; Recv time 0.006400 millisec
Rank=1: sent of 2 bytes to rank 0; Send time 0.004300 millisec
Rank=3: sent 1 bytes to rank 2; Send time 0.006400 millisec
Rank=1: sent of 4 bytes to rank 0; Send time 0.007100 millisec
Rank=3: sent 2 bytes to rank 2; Send time 0.002700 millisec
Rank=0: received message a of 8 bytes from rank 1; Recv time 0.011100 millisec
Rank=0: received message a of 16 bytes from rank 1; Recv time 0.000400 millisec
Rank=1: sent of 8 bytes to rank 0; Send time 0.006800 millisec
Rank=3: sent 4 bytes to rank 2; Send time 0.006300 millisec
Rank=3: sent 8 bytes to rank 2; Send time 0.007000 millisec
Rank=0: received message a of 32 bytes from rank 1; Recv time 0.008300 millisec
Rank=1: sent of 16 bytes to rank 0; Send time 0.007100 millisec
Rank=2: received message a of 1 bytes from rank 3; Recv time 0.023300 millisec
Rank=3: sent 16 bytes to rank 2; Send time 0.007400 millisec
Rank=2: received message a of 2 bytes from rank 3; Recv time 0.000400 millisec
Rank=2: received message a of 4 bytes from rank 3; Recv time 0.000400 millisec
Rank=2: received message a of 8 bytes from rank 3; Recv time 0.002600 millisec
Rank=1: sent of 32 bytes to rank 0; Send time 0.006700 millisec
Rank=0: received message a of 64 bytes from rank 1; Recv time 0.014500 millisec
Rank=0: received message a of 128 bytes from rank 1; Recv time 0.000500 millisec
Rank=3: sent 32 bytes to rank 2; Send time 0.007300 millisec
Rank=1: sent of 64 bytes to rank 0; Send time 0.008300 millisec
Rank=2: received message a of 16 bytes from rank 3; Recv time 0.007200 millisec
Rank=2: received message a of 32 bytes from rank 3; Recv time 0.007700 millisec
Rank=3: sent 64 bytes to rank 2; Send time 0.007500 millisec
Rank=1: sent of 128 bytes to rank 0; Send time 0.008200 millisec
Rank=2: received message a of 64 bytes from rank 3; Recv time 0.007300 millisec
Rank=3: sent 128 bytes to rank 2; Send time 0.007400 millisec
Rank=0: received message a of 256 bytes from rank 1; Recv time 0.010900 millisec
Rank=1: sent of 256 bytes to rank 0; Send time 0.008100 millisec
Rank=1: sent of 512 bytes to rank 0; Send time 0.006600 millisec
Rank=2: received message a of 128 bytes from rank 3; Recv time 0.012600 millisec
Rank=3: sent 256 bytes to rank 2; Send time 0.007200 millisec
Rank=0: received message a of 512 bytes from rank 1; Recv time 0.010700 millisec
Rank=2: received message a of 256 bytes from rank 3; Recv time 0.000500 millisec
Rank=1: sent of 1024 bytes to rank 0; Send time 0.008000 millisec
Rank=2: received message a of 512 bytes from rank 3; Recv time 0.012300 millisec
Rank=3: sent 512 bytes to rank 2; Send time 0.008400 millisec
Rank=0: received message a of 1024 bytes from rank 1; Recv time 0.016000 millisec
Rank=0: received message a of 2048 bytes from rank 1; Recv time 0.009400 millisec
Rank=1: sent of 2048 bytes to rank 0; Send time 0.011100 millisec
Rank=2: received message a of 1024 bytes from rank 3; Recv time 0.013000 millisec
Rank=3: sent 1024 bytes to rank 2; Send time 0.007000 millisec
Rank=3: sent 2048 bytes to rank 2; Send time 0.017500 millisec
Rank=1: sent of 4096 bytes to rank 0; Send time 0.005100 millisec
Rank=1: sent of 8192 bytes to rank 0; Send time 0.008300 millisec
Rank=2: received message a of 2048 bytes from rank 3; Recv time 0.028300 millisec
Rank=3: sent 4096 bytes to rank 2; Send time 0.007800 millisec
Rank=0: received message a of 4096 bytes from rank 1; Recv time 0.038300 millisec
Rank=3: sent 8192 bytes to rank 2; Send time 0.007700 millisec
Rank=2: received message a of 4096 bytes from rank 3; Recv time 0.024700 millisec
Rank=3: sent 16384 bytes to rank 2; Send time 0.010700 millisec
Rank=0: received message a of 8192 bytes from rank 1; Recv time 0.069900 millisec
Rank=1: sent of 16384 bytes to rank 0; Send time 0.093800 millisec
Rank=2: received message a of 8192 bytes from rank 3; Recv time 0.070800 millisec
Rank=0: received message a of 16384 bytes from rank 1; Recv time 0.134000 millisec
Rank=2: received message a of 16384 bytes from rank 3; Recv time 0.137000 millisec
Rank=1: sent of 32768 bytes to rank 0; Send time 0.217200 millisec
Rank=3: sent 32768 bytes to rank 2; Send time 0.310300 millisec
Rank=0: received message a of 32768 bytes from rank 1; Recv time 0.278200 millisec
Rank=2: received message a of 32768 bytes from rank 3; Recv time 0.273000 millisec
Rank=0: received message a of 65536 bytes from rank 1; Recv time 0.722200 millisec
Rank=1: sent of 65536 bytes to rank 0; Send time 0.872100 millisec
Rank=3: sent 65536 bytes to rank 2; Send time 0.853800 millisec
Rank=2: received message a of 65536 bytes from rank 3; Recv time 0.721900 millisec
Rank=1: sent of 131072 bytes to rank 0; Send time 1.225100 millisec
Rank=3: sent 131072 bytes to rank 2; Send time 1.226600 millisec
Rank=0: received message a of 131072 bytes from rank 1; Recv time 1.278700 millisec
Rank=2: received message a of 131072 bytes from rank 3; Recv time 1.279400 millisec
Rank=1: sent of 262144 bytes to rank 0; Send time 2.280400 millisec
Rank=3: sent 262144 bytes to rank 2; Send time 2.276000 millisec
Rank=0: received message a of 262144 bytes from rank 1; Recv time 2.386500 millisec
Rank=2: received message a of 262144 bytes from rank 3; Recv time 2.381500 millisec
Rank=1: sent of 524288 bytes to rank 0; Send time 4.641600 millisec
Rank=3: sent 524288 bytes to rank 2; Send time 4.639800 millisec
Rank=0: received message a of 524288 bytes from rank 1; Recv time 4.612200 millisec
Rank=2: received message a of 524288 bytes from rank 3; Recv time 4.610600 millisec
Rank=1: sent of 1048576 bytes to rank 0; Send time 9.044800 millisec
Rank=3: sent 1048576 bytes to rank 2; Send time 9.044000 millisec
Rank=0: received message a of 1048576 bytes from rank 1; Recv time 9.061200 millisec
Rank=2: received message a of 1048576 bytes from rank 3; Recv time 9.058000 millisec
Rank=1: sent of 2097152 bytes to rank 0; Send time 17.956300 millisec
Rank=3: sent 2097152 bytes to rank 2; Send time 17.964100 millisec
Rank=0: received message a of 2097152 bytes from rank 1; Recv time 17.979100 millisec
Rank=2: received message a of 2097152 bytes from rank 3; Recv time 17.984400 millisec
Rank=1: sent of 4194304 bytes to rank 0; Send time 35.874700 millisec
Rank=3: sent 4194304 bytes to rank 2; Send time 35.868600 millisec
Rank=0: received message a of 4194304 bytes from rank 1; Recv time 35.812600 millisec
Rank=2: received message a of 4194304 bytes from rank 3; Recv time 35.809200 millisec
