my rank=0
Rank=0: number of processes =4
my rank=2
Array: 65342 14731 15689 97404 72910 35786 27879 46681 32311 33927 41936 11449 14211 1769 39065
       16983 25242 67217 63663 11184 91180 87634 6301 96182 24690 34037 98430 73492 46185 26699
       90283 27878 41429 5971 25281 14338 41757 69511 77371 74067 19790 19306 1867 34000 37427
       40931 50983 62668 24499 30997 90203 32031 34983 96504 28212 76024 30540 42993 49515 93076
       69692 39798 20953 27472 45768 62586 58162 3876 32096 35532 94294 51885 71189 12513 85885
       24967 69795 53219 3986 94294 567 94189 26324 35549 90692 70887 11573 37583 30232 77439
       30659 16275 17236 51611 43746 79356 30548 18259 99583 62644 70142 93877 30880 57683 22741
       16764 82649 92535 86334 86635 86828 3253 97175 29503 38801 4218 16742 66725 41800 46973
       44164 72458 63247 77751 40421 23344 57106 70968 57955 73041 49963 28096 83269 80843 85778
       6009 97606 84779 98543 292 87765 85371 3544 84939 31225 58696 89156 47966 25421 30955
       11290 85936 19765 90888 63686 60185 30584 37144 47504 88538 10184 97467 32985 93452 78309
       35115 99460 92266 19893 14354 92557 7657 16076 12452 8947 47301 71148 98102 11618 96568
my rank=3
       45408 22908 98855 65172 30147 62540 41708 60730 16035 89212 65619 42570 86678 98604 52373
       64986 33718 68184 57251 69962 82538 66160 93970 98613 78611 2916 45913 49758 17369 73883
       62677 79128 13142 77883 60652 43288 56775 2359 20370 72809 7922 2340 31731 10951 17295
       84103 75936 67364 52287 49539 37325 34824 32050 31294 49788 10660 50561 12053 76770 67929
       85935 55798 63409 99076 33681 24060 58715 6807 42770 95436 79615 50692 14128 11345 61642
       31422 11800 53930 98786 64086 19820 52462 15261 51869 83756 65048 78880 50668 77100 72001
       34949 63034 27799 98357 78461 77831 22416 53528 84637 65185 48963 80603 15876 63090 8300
       93870 10864 20099 47799 9649 84184 67618 62110 15796 35838 62217 80843 14717 12885 57943
       86718 64185 37328 30868 62541 15789 25050 84956 69316 26038 66492 34630 22992 98720 14072
my rank=1
       31291 92589 24935 51389 40387 50935 51924 24356 29396 67719 60193 7965 64914 91261 37201
       22856 94330 1385 60183 41549 63925 75971 82950 65232 61638 8987 31723 12620 31979 30442
       43043 79621 23030 67977 47362 79768 35263 99285 20475 64658 83356 97019 88974 48269 88280
       26174 87476 98961 27558 47658 56862 7834 39981 39811 73065 17970 48798 4788 30589 97128
Array: 62210 97520 26413 23767 99503 42254 72162 4109 49833 10069 99760 6552 24542 31334 2700
       65415 11301 71557 67096 8463 77285 43133 68575 99071 49121 10705 1092 43779 25299 91246
       35683 87508 88765 78448 27627 4619 37053 99788 8728 86885 9856 24839 9789 34397 72525
       35229 89983 76748 74611 57959 24109 54378 9573 39746 91205 90583 39453 88223 79556 4073
       92854 22082 91548 91815 49639 55557 48676 57473 11889 88486 46889 29859 53635 51676 76799
       67114 3257 83134 60214 77867 57444 674 48596 67017 56771 39800 57599 96223 28023 53506
       16647 20876 75587 24546 29042 41578 96455 94069 15402 8343 98907 62290 54553 68893 13966
       47704 36007 17222 30837 96220 11440 88280 96893 60035 71648 53664 99835 45598 66238 44209
       99104 99237 65084 91042 23782 10478 48971 36588 4546 64372 61283 19804 43014 15835 88697
       73331 79890 41055 6904 27078 37274 18343 15358 50518 78377 3357 20533 94563 48955 3123
       28840 16163 177 396 83258 8639 94033 42743 77213 9455 91863 87918 10547 51993 13216
       18144 4027 17075 6908 98826 44701 27878 35878 60840 36605 39115 87047 77796 48903 21443
       38771 64410 2359 20207 55451 42492 30684 20774 79080 51581 85145 40362 71385 44510 72548
       76433 17840 68790 17487 24743 95867 71112 43085 27576 37981 37814 30933 58514 32376 79887
       61636 71147 44296 80346 91353 16098 22837 38388 53223 18268 6320 54720 74981 94056 99229
       50320 94094 53958 50496 94489 37215 75486 4873 96309 69050 14328 4523 56967 41226 56515
       86534 59369 76894 19961 82628 75719 81013 26857 11597 41853 63462 50711 28899 57609 15965
       66694 7928 10058 20651 74775 20898 74217 66612 42123 86878 35661 72802 91400 8980 14027
       63881 70488 17069 32670 4326 41811 28536 91789 84896 56112 29770 39061 87044 88283 71436
       83282 66270 58934 43929 46615 66638 76378 85803 5025 29601 20423 11345 84320 95403 5400
       83548 75635 92240 616 8304 12917 58779 36840 4706 60026 9303 34475 99086 96346 39109
       70521 95979 5378 45807 39907 68344 12444 32636 70498 33821 62236 90920 45165 62907 2675
       66916 46455 78309 75507 63422 86613 88424 22200 39804 93129 82225 49106 27603 97662 61803
       83063 68183 57781 88440 30341 14039 73135 42784 46674 43632 76604 25262 34552 38120 88168
       64267 11865 89747 41160 31825 88726 16878 12838 15582 44826 54690 95395 11888 99940 53003
       44204 66633 77282 54261 3635 68408 91511 77852 35019 33633 64729 70680 6434 72480 79659
       36812 36746 91523 42910 94257 39700 47987 27487 52537 79920 72312 23578 75315 84200 23517
       44669 28403 6502 21951 99016 10136 6710 6878 4339 41729 56862 85419 28760 79647 57899
       37226 21388 50974 31886 96894 14396 18498 1669 52947 74653 94797 51524 23758 38751 49185
       85560 21813 33719 59692 26604 64059 90082 99738 23195 53108 43370 99798 78369 94273 54270
       82888 47850 75657 33862 79735 88902 64609 14585 90571 17555 89237 1719 85430 29347 56822
       34615 31258 78634 68333 90950 21590 48744 81031 37679 71938 50490 97400 88087 28858 91672
       24770 16458 10996 32644 75719 5253 72343 23705 32739 41231 3624 21402 64808 95290 5601
       4677 56311 50356 27530 94613 65723 37665 1322 88952 58356 43050 45813 43774 71809 25459
       18024 12930 58268 29020 45574 33986 50624 17916 74042 83362 59147 94017 4763 40306 89307
       58708 11746 55873 34364 61959 35608 39618 26567 66544 46540 60473 72132 48258 45903 1478
       5079 96869 32736 65 81553 40037 38006 30296 37419 75684 18585 87909 73084 23024 33118
       26716 44982 45617 93423 88863 40229 75497 26528 57902 64448 1235 952 10260 61360 89112
       35718 79384 2042 93985 24755 47615 44322 75378 81882 18363 75091 41028 28731 96205 97686
       81107 81731 44863 36980 32447 23173 72587 72064 66091 55482 18603 26564 27613 83212 88818
       45443 88291 85686 94530 4707 67238 34566 42712 13886 88336 34747 32470 76244 7830 55493
       34389 39272 59019 96357 32694 47882 52937 24542 90761 10839 88989 91995 28142 15600 53354
       17253 67669 49089 35646 78005 73843 99612 22326 49220 97846 57040 24310 55225 85771 20515
       52910 20159 59786 11929 16516 8832 59810 69452 33373 50570 80290 38714 42564 24783 54313
       12269 42036 21982 61358 94033 99986 35200 9997 38664 772 7842 95703 25081 63066 97825
       61947 15976 17984 38085 44256 50851 63268 4065 36654 12992 54634 16944 51705 13549 58078
       9362 88937 53576 70576 25916 86022 10101 14854 58085 76191 86687 93039 19106 30651 76250
       7923 76093 80892 93608 70622 1950 77198 21539 61013 91083 26227 95760 39904 2470 3589
       11749 28183 8877 65324 15111 51144 67697 25211 82349 42133 17753 69035 35171 36859 99686
       22370 42169 16465 44351 3526 10498 60688 55078 36846 99351 55849 44687 11406 97281 24104
       9230 75580 56431 27213 13664 686 78063 93283 4750 14717 6274 75735 48012 74331 5635
       22441 96700 47804 38906 57402 67681 49403 34441 22758 2600 33792 94958 47286 45197 92239
       27772 44781 75778 25016 54741 62752 43317 48290 642 4330 39372 26868 89 95627 45690
       20029 23727 90224 28906 89050 5334 80049 73098 46896 62398 15230 64649 47784 66752 17859
       87741 54426 67818 44172 97991 97833 44857 92405 7467 65959 23473 30092 58045 87836 4422
       80032 10277 17473 44187 49182 91226 11867 14936 25667 50977 17535 75810 45934 81172 37358
       54524 68912 8135 38693 13083 6125 36525 57940 14882 43991 40250 38354 74083 14646 42542
       94856 94677 52818 28681 38863 18351 36258 67082 33286 78276 34410 67172 70437 96695 48343
       7794 51219 17254 15929 89911 30337 38405 42788 4628 69638 3130 61229 7992 93564 75874
       47469 10876 62639 39599 35891 33731 18702 79207 82020 35695 83536 37743 78915 99976 33370
       24604 20005 57096 31179 48910 62498 52865 45310 35595 99760 24059 50825 80760 71843 33928
       98618 35663 44803 77609 91613 80693 11339 10314 76252 93359 62361 76139 47453 41275 76115
       66885 88420 70551 19702 33452 25765 54404 86061 92846 87689 64337 43607 54860 34773 40302
       3202 58919 7872 36807 91199 97782 67143 29603 56921 88122 15593 60051 49350 39936 53614
       25224 6820 58385 12126 42873 91836 37890 97276 94249 30736 1316 58585 90694 56175 9709
       30995 75728 68627 38866 12534 59825 53000 96029 5780 9920 502 21372 69970 49852 61307
       97174 65878 12471 54270 13408 77732 33119 66272 23041 85065 66032 63452 35889 63143 51646
       86169 61761 3660 30971 39369 95273 11664 67059 21938 4267 76769 84298 96757 24222 25572
       72871 21395 7801 1693 92016 21209 79424 25134 87480 18817 10199 69863 82268 62439 33006
       50265 48607 11118 53924 79578 50486 65548 7593 17544 87486 28211 94313 71783 24967 34886
       13707 14190 56280 21507 15882 48296 59067 95306 89781 62899 14122 16331 32761 12741 78770
       82118 63005 43728 93235 33280 23305 60072 98828 47249 93968 86313 75459 88280 74447 426
       23584 91427 84478 81968 3552 27350 90156 41441 24625 84404 88528 25940 59340 79222 98466
       69048 26568 90545 54027 65434 19430 30203 18433 15458 35982 28352 32312 73705 14674 82163
       39517 88153 30967 95796 26012 46848 60443 1430 42153 50224 80680 72626 66554 29793 1718
       61675 11910 64722 5403 21497 98002 45059 81568 13181 8660 75535 99493 84118 80166 90291
       51363 38257 73589 52192 36576 93492 79541 26731 34932 20517 27486 39812 62808 86825 19033
       61273 72225 45600 68169 26251 27385 87599 56453 45817 19408 8787 90521 51719 98843 21546
       50233 66558 59802 23821 18749 12729 17312 98290 39460 68596 35158 83297 8407 97966 70122
       895 19682 94796 31861 31830 37159 95061 8624 38588 53565 58847 19268 26191 41753 49060
       44260 3427 77321 8982 25181 98817 23335 86592 96737 36515
       43791 59238 42346 5742 43759 84948 33127 31357 41400 95295 50764 66538 85815 18835 81733
       23712 69067 48290 83513 9240 67038 96242 42903 81679 52053 11498 16837 51701 36256 14802
       21822 80046 90391 80519 85788 34149 81818 35266 81857 39570 30560 48973 6107 32727 67807
       87839 56438 36873 52480 56303 62464 19518 68896 5367 17548 37300 33216 50736 89000 69472
       81889 27174 65869 72280 7692 68008 22780 89510 3273 20989 29079 50185 69961 51537 82911
       54119 55728 39348 90991 8207 12002 69807 44076 80897 75173 61624 18196 8388 12359 7196
       94211 94248 34369 76432 82879 58412 60791 22010 64273 80416 42998 9703 30600 29310 61240
       29862 83428 33319 69209 90771 41525 97563 60577 85601 78459 52101 63576 96655 60488 75934
       3850 71051 86533 54570 63834 69411 12981 24624 7773 93606 5039 67122 3308 35638 96432
       80899 81851 79859 30569 51060 70629 72094 64974 47557 74046 43432 99657 37621 40086 76497
       13554 60287 63899 16439 31208 27732 2201 60541 52355 9973 54146 73746 77095 73805 25735
Array: 80356 61448 71175 98406 44501 26414 67887 42813 43754 97804 65907 18693 42135 56923 56835
       84052 6045 26233 67694 25534 18149 63090 18575 55974 34268 42694 95775 67439 71114 66155
       13157 51470 43954 84331 66227 88454 27097 50465 31266 70850 48268 97172 89543 6754 70446
       46377 7158 76490 88961 74851 2023 7109 54292 20597 63083 4912 79643 75209 72350 67108
       41363 85506 18577 85316 86188 84803 73769 29636 35268 21387 486 99887 34910 6380 6641
       5356 69108 13798 81845 74420 5000 220 81529 75643 37168 60963 80554 16810 36171 69255
       83918 93885 71112 18846 79200 73652 20001 69320 3287 55268 90706 20124 71506 25616 42855
       94498 47323 11962 8295 29167 86382 29646 45738 84262 5289 82906 61576 2194 99715 97746
       71449 99984 7982 58912 18830 87181 32563 38830 72852 52202 10449 63558 72325 98306 5525
       31532 92804 69199 43493 17450 98365 46226 47096 60455 46839 68736 43360 8414 70929 59426
       22511 58729 59410 30492 17641 94591 34024 66555 49772 6876 18756 76572 86785 7433 74877
       92309 38964 84032 61507 98808 1482 76223 45034 64929 53029 91872 33664 96388 16638 20944
       55814 39148 79673 31575 69640 13665 42517 3663 80219 8640 26890 98975 85211 13674 22759
       76439 5982 61722 60471 83840 60529 78304 76415 21914 43232 29443 30138 93247 42183 46775
       14190 14348 85922 10214 45922 71913 23878 4790 91928 20449 13429 18817 19423 14991 32491
       42181 91429 54824 20254 68251 55016 97134 46554 47782 19048 89785 93576 65537 83031 35758
       12311 13573 50105 14584 23786 12378 2849 47664 33519 94776 68112 46947 29944 3886 61937
       62434 62418 69718 33610 82671 37968 88625 96156 84522 36406 15203 90658 46333 80739 73689
       82091 9401 87261 48547 40337 27398 77277 59537 91413 10795 70664 75876 57742 607 79761
       36030 79393 58530 5747 13002 57552 60067 17978 53708 60940 70735 85262 51597 17067 82353
       41637 15509 91753 45249 64056 48441 72647 41332 24329 64059 68478 94992 39935 26219 95599
       36047 78601 91343 10929 699 4344 68480 60765 22321 38539 38056 93055 23801 89653 10121
       6153 47641 25630 14257 92890 6037 79050 65536 63720 3378 45946 32197 98370 2232 74768
       10320 38279 53368 1662 49207 54066 6005 34038 31183 44677 72577 69238 37731 96377 75242
       64203 18881 22883 6184 33137 32124 12220 12186 14011 92291 31916 59956 24488 30285 78540
       99255 56956 16818 68974 58617 82376 39391 80973 32765 86925 25649 5341 72515 79731 18069
       47756 60285 53301 86990 82821 86438 35465 11392 14975 49475 3683 46890 25783 28170 93526
       4322 43776 50481 37491 12749 9097 36218 68491 6421 68982 55416 48421 90675 27930 28151
       25095 92037 4788 78396 95379 87608 81185 30843 98999 12511 80318 2681 59401 22452 47202
       52926 43125 7329 3407 80615 36429 28855 33184 4920 35276 18517 60335 83696 25543 4616
       28199 66990 96652 49338 61737 92030 53297 42921 22873 52295 55431 19542 71328 31183 41993
       34881 84109 85117 42210 3867 82083 78638 49073 15266 83557 700 50134 60243 748 75677
       64858 28946 42666 61510 94635 4402 69891 47931 63674 92763 16577 19104 12304 87904 50287
       70648 39137 50747 72116 81346 70965 54198 76335 20037 85815 76244 20737 35949 36486 21484
       11625 17696 66781 70642 95557 77767 75043 65447 25697 38716 74562 42273 74171 3217 46529
       40809 73865 85665 7907 45980 83362 78871 16530 59696 98908 2344 52291 35996 54644 88777
       73831 66268 22824 56963 53261 18380 34729 28303 178 76777 83370 74739 19049 73893 77956
       81929 14701 51820 67593 22608 14151 50954 1478 47032 27002 16737 49376 79292 69084 4019
       84420 42914 86639 7243 16228 39899 41974 50956 84554 42152 27732 84275 33242 63133 58167
       11197 45061 72868 79368 29006 11827 9871 96311 29656 56902 23312 62745 22629 18956 31828
Array: 22097 53128 9197 9024 42052 73253 15780 80202 6005 79507 48745 23193 39798 4454 84835
       4355 64351 52284 26631 92394 15366 62759 54961 98018 15330 39377 28040 40255 74431 79973
       12083 12879 49453 37631 21903 7856 27235 54034 88057 33239 33540 36801 56431 89690 41254
       43000 3375 91094 45990 26970 7321 85888 85295 74629 86793 43798 18712 71068 77040 81844
       29234 4588 43257 18453 83956 72262 30279 93826 84924 59935 67079 24588 22679 89708 43543
       70858 32707 63269 78303 95048 6590 85624 80935 8237 76604 84080 52034 95315 55147 45425
       93511 732 50013 53119 35537 33968 41732 65815 44145 26655 42101 27575 51242 81131 17282
       41265 10396 5605 9901 37026 14350 25266 99784 85662 23283 31465 41391 67674 71720 15821
       47646 154 45052 13450 54136 66954 21305 81370 37339 9362 14608 87230 62514 87390 93271
       11136 68341 66340 74405 46643 61387 97346 48618 58674 5582 25221 59105 57616 36888 14251
       20120 45007 3666 42076 71259 57043 72777 12876 73178 74791 36158 4643 16181 20183 92714
       48353 67828 92867 93404 81278 47002 76709 18934 44723 14047 44647 59330 1277 7161 63071
       10899 43632 8077 14565 85707 79335 71607 74835 92210 61137 49625 44719 65779 65805 64901
       3040 46750 31334 53052 99868 66870 3371 41599 49037 63867 68253 7489 91442 35847 4972
       25075 46982 89664 7767 21386 36306 69153 35084 1276 44178 40665 26496 3282 98280 79735
       58492 14158 49081 51358 23913 46710 14711 622 65643 59433 14668 26642 35114 32296 33802
       98184 43195 93785 22613 74111 95843 18299 62069 70677 10509 23205 20302 71579 88983 2458
       52832 63826 32967 1912 31535 56880 64973 46245 57501 46967 22029 88520 73608 73494 20816
       33884 17672 26484 65218 87075 42703 48439 6798 84301 13827 70664 68906 37668 78457 21104
       58991 3532 68085 48654 11298 5823 1311 96802 40906 2586 40980 81570 29082 60613 96202
       25168 94497 13873 68004 76066 17299 10706 40856 24096 11359 54683 11112 80264 8702 89568
       23761 71678 80362 17545 10642 54472 13387 28940 16540 416 39448 39745 20717 27379 45079
       39526 80210 8905 88845 98473 40439 45724 63445 3036 19576 10411 25064 8095 84019 98558
       45262 24131 86587 41975 41676 97228 96446 71414 42519 29338 71829 98319 85434 8897 25697
       1367 67692 93099 85803 32697 20748 91625 34007 17550 32530 36593 74881 30452 82026 35493
       26653 7193 29989 56877 91548 6054 74175 2254 46910 98271 13612 17944 9382 10227 42997
       30512 64775 22258 39416 53619 20730 96207 15694 526 99242 35269 10936 40657 59715 11306
       55566 21329 35437 58504 63303 93464 55731 76101 81229 98250 5438 69410 12920 90871 78306
       98949 27945 27040 8400 13747 59736 29147 5372 93742 63048 54253 46686 37928 84704 28711
       73421 11356 52256 3409 68232 43803 25815 58759 46056 89076 57029 76019 23371 82762 86245
       66367 98062 14189 9758 6461 27936 69493 51960 49659 79586 15007 3911 26272 69287 88615
       38616 37734 59432 60873 93502 13050 81602 89708 28743 82127 5301 80363 9414 62309 56430
       37072 17875 94110 88860 76378 73764 98675 48461 49864 79903 63062 71653 49312 75981 62523
       43970 14596 257 3401 91820 10110 32803 89773 99817 77897 88251 21469 58260 14016 83777
       54982 42707 16322 23589 62467 906 67392 4633 59664 29799 93708 33044 5818 33430 15805
       8414 16148 13866 22603 25905 36679 66890 95397 4990 16548 91335 36348 36810 17606 5634
       31041 51087 1651 41502 39946 94381 15265 54972 42841 65129 34875 22254 53133 538 98234
       15656 44507 29181 32264 64260 21000 42373 97062 27124 58541 74958 15374 80009 49569 29389
       63785 96961 96828 81788 38462 53125 76168 53727 8097 35360 35207 42971 57613 88339 43508
       55846 20346 4367 1378 68961 68626 38729 11333 65687 65852 86225 56996 97577 66233 6565
       41776 88939 64692 74450 12528 27159 75355 79919 31791 35018 26069 41851 68061 48238 75280
       217 56652 7780 30434 95606 33684 83464 62495 45433 88453 95394 36767 41153 48555 54372
       26965 46370 3525 23792 28157 58339 76917 20676 12065 85013 56035 63623 44335 13647 51961
       4194 85844 88659 8560 87221 57619 93537 25949 85304 75575 91800 71528 32571 89376 54113
       46786 90331 43310 11478 81132 72189 54988 56486 52107 3130 7855 94528 44980 92267 42765
       36612 92483 99416 60743 39268 11373 94426 22732 90219 56210 11184 85612 9328 68688 50519
       39135 32692 16834 59011 72836 61342 17349 66104 82017 45765 67468 38051 9387 11802 68049
       77700 32347 53892 66358 40907 41112 40328 50795 67060 25631 26370 75211 13511 58940 80938
       80051 15474 57201 39713 43303 38332 11901 14642 94817 80360 17771 2671 74887 79103 11289
       34003 32066 3771 33419 92808 43038 44791 3585 82121 51362 76147 9657 36973 85474 78344
       3843 65525 93817 61043 21589 53471 15726 33489 84464 10542 13848 2235 29564 5086 97689
       57204 39089 46106 60974 88859 38913 20364 50001 58849 2484 1362 51347 12140 54687 36821
       90484 58529 18697 652 35924 40285 70475 51649 90125 54938 78543 3973 73524 24458 25410
       83975 14426 13629 808 73436 86464 62149 7137 68919 60517 52901 36386 98567 78640 64539
       82967 56339 13238 36858 39048 70496 77969 79375 21290 61380 5006 47659 36590 18516 6598
       71212 81662 64498 33669 58987 53356 72581 79350 19709 47782
       17527 2490 37375 31155 19649 27163 33971 98149 34299 19241 58665 3551 71979 73583 82190
       52869 56549 54880 66106 93406 93927 36601 87726 89654 57891 49105 94659 21901 85694 29526
       44851 19572 48367 82225 67078 84367 9387 17400 82515 60037 36641 41179 63588 8619 14761
       62129 61487 71309 17009 43945 81066 27287 80545 68791 16940 54787 17895 27950 76688 19940
       73827 37890 39511 22193 20114 6588 22911 45853 23988 5425 5889 76980 46603 69476 1950
       77715 31605 79788 65375 64965 23732 46440 8603 20629 31582 25543 75415 49476 69844 68454
       85767 43671 22695 25277 82215 42809 48217 5126 88661 88556 10550 94549 65535 73505 80377
       83836 51219 28333 63623 32946 9649 3707 79385 18251 24335 10967 43793 16101 76794 29989
       907 62561 73659 23601 4189 55873 82761 68757 60998 71421 57312 87900 82322 39198 61404
       79050 39385 28974 7382 3008 61919 17030 23066 57656 35280 47400 84974 95425 79852 78119
       25413 80758 57031 15423 20711 77572 71295 3471 46328 48645 91244 19992 52896 73565 75541
       30651 68966 14926 75976 76347 34285 54247 9728 57350 11902 61359 21101 13227 73135 952
       91345 98547 81710 64728 30321 18772 42299 17968 22242 88626 82964 13485 24969 35859 3401
       510 82861 72366 31787 58836 65064 82423 13082 74791 56124 41335 52502 77224 54561 25636
       94527 62258 40535 76236 26985 70855 11359 69283 88822 33601 74260 71785 47085 99229 23995
       73526 71056 7586 69736 1624 74997 56717 73717 39970 4273 64114 83401 20282 1734 39839
       96778 31640 16477 60676 48078 47685 4759 50278 24577 73465 76603 95074 47210 53697 68878
       72945 43574 39933 96882 13309 57909 71878 86377 31625 28199 90650 12091 27951 27283 13824
       67789 24060 45463 618 1087 9892 64654 5845 60170 89230 79309 36772 84303 42871 6820
       69532 32167 50393 9465 29048 80053 67373 17277 66430 15349 61827 73431 27439 89777 713
       57615 73918 24772 3077 74535 42210 12969 39188 64406 89490 44769 43714 42613 29071 2936
       49432 14954 35102 99824 24418 80501 96228 8142 14129 62657 39843 75955 36087 83633 65732
       36799 57599 39649 77922 60676 30535 20131 89996 86074 84536 95837 30842 44602 38449 76264
       47537 4232 91217 98991 20407 31987 95843 16634 56480 9972 79291 12674 85926 31729 12659
       68009 68528 70257 24009 62801 47284 54543 99284 53631 56968 83819 49467 87809 44772 4267
       80424 8661 8498 87993 7651 45256 19979 3493 61890 92810 29816 57532 5484 15742 89260
       34494 102 74139 4750 24111 36940 52034 95005 36223 5664 51973 36393 71483 56133 97517
       92101 52909 6177 16951 40901 30179 62206 77231 50023 24095 70040 79839 97978 91875 11932
       87238 26368 28385 77728 31118 52495 14667 99503 63852 67241 21518 15824 19986 93000 88308
       50486 16090 6855 39203 64228 65691 4267 46650 95124 79057 19125 36459 31558 96348 7371
       73546 90874 69628 14080 83462 12964 84934 94820 82246 90108 44772 56506 61892 91857 72086
       85887 58694 4527 9093 97896 68754 91135 2162 31755 86259 97571 50879 39069 45480 63578
       46439 19025 70803 32419 49456 54264 45382 34390 65436 43980 24497 10207 16837 2740 18415
       5274 4978 77108 9800 14071 91356 78553 21557 9869 26659 7815 7439 77537 63235 69271
       17502 85101 41216 40030 2051 82116 70208 80608 75698 20230 4703 45738 16420 2680 53964
       44703 6269 80332 73088 83997 27801 25582 15015 27303 5785 98608 48820 37960 18593 41820
       26268 52446 43272 83835 92475 61674 82303 79034 42281 58000
       57466 9674 4647 28268 58444 54103 98884 20177 4844 80671 64156 29340 7229 97344 48431
       25644 2617 53409 19103 12416 83831 10458 7320 5387 20327 33978 29554 44117 27866 92788
       13387 85331 18813 34386 29951 77256 88488 28834 97433 93331 9504 77940 39022 16732 75284
       87452 58727 77900 57212 77830 6668 41042 88287 13987 46429 8613 47965 75982 69082 75830
       68769 82468 77513 3934 33205 7463 81189 21692 52648 94973 31374 78503 89265 86747 95234
       64548 90551 70313 58799 47762 48142 65466 5156 52780 95805 67936 77745 43769 43917 46826
       35950 29037 45645 13462 32970 78850 37276 30511 16893 89923 41835 64619 68425 31099 67717
       80011 95646 58267 50323 70797 22381 14816 52614 27536 67595 48418 11823 61691 8538 55739
       8516 44488 1127 54161 74301 50449 49362 27929 97311 66254 17851 39145 30872 2628 70244
       98589 98990 82241 73207 65664 53037 95587 80479 22003 39474 64425 70420 51296 42468 95310
       23386 50983 39797 40865 21495 30449 91313 70856 58377 4975 37110 92580 44119 84333 11559
       14362 82921 10548 96603 72480 92563 65991 68066 89393 4345 23892 53817 91117 91539 96284
       86426 14925 63619 26222 55789 85113 73022 63453 72321 47751 68427 9430 56682 12545 10114
       68240 43259 9387 95139 56213 81866 87701 38555 66283 77093 42900 90174 47261 34016 81713
       59897 20441 12989 39867 63014 85129 41331 36035 64933 13651 137 33359 39432 56818 62255
       49546 41409 21865 58932 52899 78077 40797 56951 16632 23431 50395 75883 29957 14008 9898
       28021 90256 46690 41009 30122 9703 26137 71452 62089 91069 85103 62226 40779 24534 35395
       19385 90431 93156 41250 49362 62406 19326 6510 19357 52309
Max = 99986
Max = 99986
Max = 99986
