my rank=0
Rank=0: number of processes =2
Array: 91760 93771 64755 30190 98133 53609 95613 41630 40902 45698 94096 13781 34369 70966 75812
       67414 96612 11434 21892 23072 43800 72842 38246 32013 2868 43975 72704 75523 1726 25987
       38739 9837 36110 3493 56378 50594 73454 68342 8576 30707 14040 2671 60839 64760 89988
       36650 48525 86600 64435 70417 9671 8234 59610 64268 56598 62477 8242 29301 54352 26319
       71639 93090 52507 7748 12934 8885 74694 86387 77226 83269 33445 7617 85939 94283 88729
       75926 47284 37253 78877 11718 24021 4899 36303 83631 69166 92900 62459 93760 38552 16810
my rank=1
       20078 10191 26251 72585 34290 39185 97821 8983 41923 91398 92251 75368 15367 94541 86002
       4095 86819 33286 57699 65695 61355 98072 70594 97658 98054 56111 90557 60512 49870 29109
       93674 69948 55651 19924 58884 89940 59108 73056 15275 17383 64453 23877 92750 79819 18418
       78751 265 21588 28388 74316 87282 89743 72387 74227 87400 70440 30338 94308 47303 96559
       39768 40976 82858 95418 77252 41741 1710 52711 14796 16984 70093 95601 57212 62842 75419
Array: 14405 35757 66048 43573 89624 65759 21466 62647 12792 35790 8802 53413 51139 39163 97652
       75629 57945 92036 97216 86332 66351 850 92426 38737 91428 79825 25528 21765 90485 89182
       34676 30252 30158 17533 42022 7409 75626 43731 76471 6773 77066 46564 2373 34277 9405
       94144 26258 83701 86179 39825 86385 52529 40674 78810 7617 32102 74987 33144 70218 65471
       22325 21245 95722 68834 38778 37743 92594 14403 97825 69065 21175 74890 15628 23548 25519
       41384 34043 51776 25085 20221 91600 11469 89101 48626 6630 96717 97079 81616 46212 83648
       47086 84888 4893 59160 70074 43670 13254 62667 74424 11079 48083 95598 2320 80062 35497
       25578 28361 85894 83477 32937 12028 68886 81251 2544 3536 55775 96996 47107 73224 66354
       23508 3980 2110 5907 47553 91733 88017 85370 70732 808 37511 95885 70572 5001 51399
       68223 30579 79760 54116 30407 12696 82496 99292 93946 85039 19179 66073 98386 66285 39296
       27838 37798 85891 95965 62882 6111 3917 90702 95211 52542 97331 8279 49620 95299 70842
       33267 42384 55730 54511 1543 25803 98180 14797 4821 88955 42227 69256 84553 60898 49317
       36401 88736 3466 38644 1052 66347 44754 4968 73400 56317 73861 87083 80947 39832 82381
       64739 6144 43276 83200 28402 7180 91284 16418 8901 62015 17226 46411 57900 87797 51412
       9298 72372 98342 5409 26487 28748 18104 25334 44391 28402 10372 63569 94474 8757 46206
       51789 73099 41116 23870 43961 59011 66024 42141 73807 70844 31095 32385 56451 31999 93282
       22120 84752 98369 25585 23395 99421 8284 84500 20740 98035 57168 94601 85117 38115 50784
       83849 6255 23882 24965 30124 84195 83975 96147 26335 74133 83342 73781 22869 56145 22132
       50121 89847 52349 9748 89398 80751 33279 80682 97168 42179 59048 30745 88590 16947 34894
       40001 42597 7265 54694 48005 50103 83441 82461 91789 44183 10862 2160 7751 21687 27269
       70308 88159 33467 39009 97907 22865 19759 47537 19898 33278 89716 78945 80375 94657 12244
       31620 34657 71192 38884 89350 19196 5338 89142 1656 97126 33324 28869 15638 57426 50555
       16150 78264 23235 30871 20200 62981 46643 28483 47480 83734 26518 21000 94686 27986 59114
       45470 28187 81720 85703 69503 28195 69897 69829 40693 96231 60313 24034 86364 83181 96530
       8495 15682 74793 48081 46552 94993 11061 9546 39827 58540 93280 66344 79539 87965 10682
       55004 33434 38868 53075 19137 8370 81269 89033 78198 21961 1616 38510 62347 87979 38042
       59258 27734 55066 9076 66742 52972 31940 2852 508 68189 52481 6575 47134 49207 1231
       75729 80826 52239 46920 36061 57940 66115 57751 47081 84123 54876 96756 29343 86865 54182
       96250 62474 98267 51315 71550 81360 20638 19841 563 37497 88030 69395 44072 51515 18602
       58876 12825 53723 50021 77257 16627 45013 88317 26172 84839 63208 19451 67535 42747 23768
       45302 27243 99427 13893 74162 51840 71832 56628 9590 35265 57102 80817 32020 86445 84034
       2553 99046 46507 17171 50360 18056 14882 70997 37897 15444 8493 25926 1191 68916 93792
       94568 14102 57201 33435 83529 92689 58156 64797 81722 36353 3110 99689 91214 65456 4019
       29255 24331 33195 99329 74351 10451 15955 35715 98767 58479 36906 61974 94281 20792 21072
       18048 15359 51526 91601 48793 35054 84289 6948 99850 82362 59652 19311 82050 67217 84766
       86068 12823 25449 19262 12151 16151 29712 28106 68218 28478 2936 5123 6804 97216 42266
       19792 30570 21034 35570 44462 11547 3761 16293 84526 13350 67909 41628 94167 99929 44424
       78200 18833 59821 41058 52356 10180 59114 67237 97528 13362 99033 22372 55639 223 91288
       49430 36366 21857 86815 88287 66318 98361 92048 98962 99238 5397 83223 57217 15915 99503
       27875 15264 57624 79400 6864 22768 14453 7504 29715 30655 89866 5718 49965 71915 89286
       51083 74335 2108 92883 9948 14258 25385 39660 58715 93602 84489 61650 15076 7644 58866
       57341 35519 90481 14964 14918 97344 37731 45723 4847 83797 92729 11064 5866 59045 99331
       95151 26479 73665 97258 19361 83612 27868 44746 39623 2934 54699 40464 64584 69775 48107
       17992 10466 18335 77812 51524 70690 87991 26989 54279 85518 40350 53311 24242 95988 53533
       15529 45417 6250 37385 32231 94536 20054 46943 86583 35367 46180 91980 18589 3397 24246
       34443 21388 51064 52778 99200 2587 39819 3542 29575 94097 5412 86276 63759 29653 82263
       33643 45181 27679 39892 98917 76261 34428 35322 23203 21010 87040 69382 29341 21981 89130
       39801 43467 99977 46633 58431 31247 43976 12513 76969 65174 12662 86049 92590 18527 45093
       91920 13678 71572 65584 27287 7284 65547 71506 68381 21522 74440 23080 61985 55375 9206
       69939 56423 10518 21002 25552 26069 39940 81723 29610 85866 92171 35021 72141 55930 64673
       54403 89572 26205 98433 45816 41473 74693 80243 76794 97895 17604 80186 83628 63297 2166
       26443 11527 52672 26420 58159 27454 57666 18486 39967 50986 83659 52628 37034 92600 87506
       98478 84519 17535 86401 50102 44822 93685 15649 32679 62065 53522 7118 1496 15506 78844
       10701 58300 90370 79725 84719 48528 7178 58736 67013 63496 26073 67024 16123 79458 59623
       72758 49587 58588 99627 70588 492 25695 10527 82214 55304 12744 74384 6677 84884 30313
       71349 39286 36237 13906 37718 82052 55378 28762 78646 48524 43008 12601 28709 26635 75897
       19981 77936 44142 37515 64336 10595 98688 74372 42595 31367 52789 96116 54836 54284 27973
       33680 81337 86273 24049 61061 70991 72577 68238 46079 55941 31734 72151 39316 64208 51609
       47226 99392 25483 5813 99018 12422 6304 41064 39300 4869 96368 52043 79253 3044 36926
       25917 90744 92563 62153 21001 46632 60556 76379 75393 39201 41254 18400 51802 86314 61387
       98939 84188 45896 59432 38055 26583 70026 36742 955 12621 84460 53743 25088 39296 24378
       53061 72975 22066 39333 13375 83126 26675 2303 67716 72753 58244 15801 61256 97559 96360
       44050 33539 77130 85885 55703 92500 14658 78359 33563 53958 83227 29930 6000 62479 49325
       59278 4748 40069 51840 83252 61069 14824 43808 53799 6568 99360 11404 24968 67513 97717
       2706 11563 31255 79835 13799 86958 72334 28456 81668 5897 98765 64894 52178 4765 43725
       29216 12849 96900 75111 72280 34954 1693 58658 88047 18999 87630 72507 89093 12717 11802
       13471 65777 1128 51888 21461 14502 35014 48136 16805 19081 37240 75048 51233 98495 88958
       47592 44062 18159 60843 19172 90438 95796 37217 65447 83843 56215 53076 56349 45308 65793
       84502 75130 47921 85629 27017 69382 130 78382 17517 16934 13814 71108 8333 65046 69603
       13643 28990 30016 31801 89832 49188 38590 1980 2756 4037 2174 58970 57112 58522 20629
       1503 80394 48472 57923 48585 31723 35343 63408 91882 5494 69976 91242 16897 11295 75106
       30966 14000 3020 62220 93834 16818 65529 82520 61626 63548 88416 60390 28442 40593 81506
       72166 58447 61899 36989 32721 10484 85063 68064 73891 93297 73557 43866 890 6805 71512
       39256 59375 12110 87177 45003 55479 56558 61484 50212 90426 94770 64026 61533 3102 45423
       47487 33096 74412 77503 81248 80596 43042 19838 82575 45797 23874 84748 21118 97337 59621
       58099 36593 18995 70208 40121 80349 25686 13030 41832 92250 19807 36601 56275 97691 56055
       75995 37770 85511 79015 16342 95697 12184 98222 78216 73809 61770 66631 50551 90211 23575
       32056 78728 98374 93955 32068 31094 4438 33482 15509 94680 26778 89065 54898 27667 12222
       26409 20014 49991 28272 99028 66332 23968 11211 80906 2183 1372 42675 85165 51922 49237
       18049 61530 5502 8813 55384 86750 89408 98425 6587 88334 60573 46812 89433 98042 60500
       65405 56140 13444 751 26348 53564 81099 68385 82945 39282 60634 2751 92235 33260 442
       48289 51309 61971 53790 60121 17354 40539 65880 32130 63477 70565 9054 26640 59997 7095
       87140 25401 63235 583 26151 89582 70499 23601 74318 53443 79234 51304 72546 71468 84563
       25091 329 44316 23464 94283 92735 70910 15072 26216 86418 26104 69346 75483 81001 97012
       4056 23761 17025 54046 52032 32404 36730 92351 59967 17635 10885 61338 76661 96049 29611
       42249 21140 29939 86564 60955 40574 95650 31864 55645 21865 18282 81748 91210 10116 79100
       4574 14171 19213 37950 84568 87596 70354 21297 79947 46672 55283 90831 8009 31943 3232
       53971 90543 24371 83909 77106 1677 24482 89107 33541 96479 10972 68174 94578 18533 94641
       73678 39458 8811 92890 93760 93378 96837 80465 31027 76783 27136 86309 83966 35144 34604
       87197 5466 25146 11567 89374 18604 13243 30208 7710 63135 26686 35033 31308 21263 69918
       72987 19756 52223 51309 89898 28695 85014 46788 94574 33495 10265 65138 42548 36904 41486
       49642 40395 66886 12876 57330 9388 18809 27828 49340 9479 97622 28574 60782 70167 41
       61696 43153 36149 13919 10813 26046 42613 95826 72833 53539 45672 99449 18676 88219 52705
       60162 37861 93099 43399 67088 50428 69139 2249 94607 18478 11727 92229 47051 72508 62395
       42300 11292 9375 51110 20533 19486 60840 17370 99950 8218 10504 27085 10878 94469 78580
       45481 81665 84045 86979 93231 73419 5582 22826 19978 29643 2312 46663 81028 49972 84277
       50945 92271 95569 76671 59733 32453 96157 36924 66174 96106 45141 76678 23191 56018 71146
       63444 34203 21900 99592 64473 32712 25637 7086 44890 14821 60624 90561 14270 95651 95132
       83326 72164 32992 76424 15563 16431 43204 1053 18679 37810 19530 30405 30038 82933 19264
       92433 46376 69819 30684 45967 34291 79747 87955 57728 24636 19127 34703 31549 49748 30354
       18122 17851 52811 2167 4829 62393 91937 26762 1570 11914 56404 3882 74928 53783 70205
       59204 4727 62475 71124 97750 38559 3577 93906 75482 86102 6363 20622 62779 45905 92992
       33925 64027 10842 3087 66193 15670 65479 58129 58783 67049 70042 31538 87282 44969 85321
       73838 20524 90047 52664 91648 87796 91223 11576 98053 66704 97677 4416 3678 60456 50320
       26680 33073 18869 76023 25849 50783 92453 69052 51835 27484 6861 71365 57888 36899 70649
       93504 45683 17024 63322 76366 79342 97612 72464 83648 55340 13452 2774 6394 61352 68874
       53099 88031 1946 71968 80405 27794 22750 89209 96845 90937
       13021 10732 30698 23862 13818 96890 55883 95648 71370 14665 79048 41411 62554 66329 2731
       47874 56518 23255 54273 9182 31254 58420 404 59181 72825 83459 73209 77240 3488 50016
       43911 16508 60747 74609 40369 90916 87850 12603 86564 59220 43619 65611 16982 6173 48292
       19713 54046 4809 59319 24670 13990 6924 99442 30745 66104 72266 14204 39312 49505 34043
       89328 9767 50551 66426 727 7271 57342 88577 19874 60257 64148 63492 25867 81129 86016
       74158 841 56414 78967 76511 81083 9308 99786 80524 40053 65889 52789 70608 21553 18645
       4650 27232 44764 55200 10009 45490 78823 67350 50418 98696 27606 14565 78539 69825 95694
       64555 43982 12886 37320 39300 5749 18402 64960 5534 15278 5012 87775 84418 91971 25679
       19415 96620 52910 64178 68172 62918 26019 46994 46620 76437 62041 90577 7353 56931 60401
       3046 37837 20735 32284 75156 76386 38032 9910 41345 59917 25187 62708 47691 25956 54678
       73369 45370 51298 42630 25899 35821 21900 51918 82814 84871 44706 61206 75447 52058 18136
       52200 71456 55973 89286 3739 31128 82023 58122 41037 39720 18038 82575 2427 65729 8531
       73457 55449 53900 41106 98079 79799 76926 36330 48068 76091 21200 92773 37296 12998 44830
       55431 65197 32637 11403 70834 36375 42531 52857 94496 99919 92576 12534 82494 11354 94614
       91024 84810 66414 61275 42267 64492 57425 19192 821 5492 95282 38372 98264 32577 51370
       59446 4360 32918 92082 15762 3752 44809 74644 72960 55656
Max = 99977
Max = 99977
Max = 99977
