my rank=0
Rank=0: number of processes =8
my rank=4
Array: 37905 93433 14015 86320 37060 84331 58810 47753 43189 33890 73963 50437 26718 35768 96819
       76702 29084 84962 78665 16 26875 35266 14086 11337 71993 85902 78994 54880 14087 15928
       14822 68343 9361 45188 54662 62772 29519 13471 10524 89059 47360 84486 39495 74077 36606
       36313 67130 82041 37626 62147 82057 64500 97412 12494 92188 69404 98395 87533 40635 28833
       3461 71808 97176 29173 16996 51837 91944 62866 81660 2467 51924 29019 3305 7770 19448
       56262 60434 2929 38302 98059 65075 20358 78911 62487 49203 71098 48242 63949 58631 5229
       92782 78443 77036 6309 7615 10383 74497 99558 73248 56156 18376 41523 1527 38032 49292
my rank=3
my rank=7
       37326 94293 9725 40254 32595 24136 21681 69304 3046 519 34859 90495 48760 98807 49125
       70340 7940 27567 47376 30600 51533 57758 5097 51090 47358 77604 85818 88880 79130 23849
       54524 16455 18142 80600 73061 67088 4735 94741 52743 7780 95259 87601 98275 60370 2760
       63751 47062 10699 7670 94437 57651 59202 68546 62747 26644 32255 40350 12461 21135 35832
       52661 92010 68638 87154 72609 58050 54241 77344 69142 23336 1475 80752 27288 16101 41122
       30047 79852 4535 57098 3873 98971 14748 63074 83868 93846 6069 16123 50547 34881 53609
       2730 87542 45618 71368 74695 34578 29417 45288 28273 98559 68623 29748 79310 95910 45848
Array: 90743 36035 78062 46604 68349 15977 86599 32822 8145 53184 16973 75826 56277 16610 8252
       96415 80051 49195 91721 56705 93727 21104 59970 52501 43596 60996 9899 55618 44080 15472
       75551 34822 67858 69964 81425 36206 2292 84376 85379 10437 37559 18703 86262 93835 35313
       36783 25957 42051 41317 99406 62275 56639 14153 25349 56859 24350 47769 72981 74896 82650
       42941 77626 70191 4910 65345 61237 39487 11113 6524 67760 9671 75146 13859 5333 71056
my rank=2
       10866 90250 15363 60060 81970 88419 70138 19425 48388 38990 63021 25736 48888 34990 69815
       64359 26892 20989 32217 13207 18765 84774 15499 3140 86505 25935 40698 21559 28548 50885
       76058 58467 13364 34461 16136 29121 96735 72774 43273 38435 29632 83974 86204 18964 58869
       68853 61904 52846 55395 66813 34542 16631 22652 45655 23155 6763 71677 14652 20621 77009
       2059 96678 51828 15422 31138 67963 44542 27873 57088 4166 66307 3072 88139 68862 38387
       63360 54066 16643 32557 9460 99807 67099 42443 22458 12753 65597 29220 84429 96600 66192
       77790 98659 62870 29617 30432 10359 13931 91326 54583 87370 95491 20890 90441 99982 6103
       28828 79693 60169 61822 28601 69628 61628 95699 28422 84086 24803 94018 29657 9232 90618
       95849 3373 5628 75070 49341 36059 85428 63271 27384 40011 50640 39227 77252 57433 39208
my rank=1
       56871 39413 57486 88585 15824 55807 93356 85961 75232 41743 24950 54604 83830 90190 5945
       69997 70900 49189 90985 3116 62395 26101 4242 94245 29241 7098 20179 86290 28656 65079
       37174 1879 4491 11011 90463 36667 66818 170 22627 58401 41913 63929 29356 42094 54118
my rank=6
       99706 2612 35252 59874 64433 63852 45854 26060 75903 74275 26497 705 84645 56154 26288
       91614 68354 29660 97241 43423 79000 33299 45202 58622 60683 1564 25614 99909 78815 83046
my rank=5
       51652 28442 25017 17192 35778 44485 79587 61879 65078 90183 91119 88527 10362 77408 33534
       75440 30934 35412 96282 41944 42227 32948 25113 42396 71927 99865 660 35855 29220 59106
Array: 33300 51773 52038 3652 62262 95471 49867 55875 64720 88734 38797 99342 49739 76495 18439
       67455 94118 13047 63374 82491 65368 87705 99577 5395 2494 74218 19784 6676 29779 13679
Array: 40502 26493 96300 82659 64550 72500 3699 24515 34675 28093 56156 49737 3504 38040 59680
       92217 51250 19796 93725 27832 30114 99709 24240 82094 84778 87486 16811 41888 77392 25915
       6324 97224 87547 47692 14415 39677 8528 10353 1555 73605 536 9025 78483 27249 2784
       12017 2688 33717 63780 15321 92013 22358 64621 17125 81106 36547 16990 98117 88753 62561
       57222 95076 76136 61121 59119 90551 797 67647 17255 18703 41251 17790 44079 36086 45038
       15205 63078 65452 67242 83081 44065 79064 32947 99939 43784 21681 38735 43125 87771 15229
       77916 71577 9347 90962 51302 8189 72682 39007 24118 94428 41500 98335 14212 64527 28113
       27890 79732 7543 9693 63325 90623 53757 42389 23570 53695 2524 61602 92430 62000 65724
       33513 34246 68759 29812 33256 33308 18663 36955 74174 69690 65047 30329 19426 84903 68368
       79105 93471 35969 15252 87195 63800 45365 86903 4392 27458 71681 8229 60620 29920 85621
       2886 63432 36218 71644 9596 69473 21303 28258 22779 11828 97947 4178 42156 33724 5432
       46862 48102 64077 80579 28233 79398 72591 50591 44018 6067 48048 96916 39408 46164 85668
       18321 3386 97095 94456 80858 56213 1358 98006 23859 18613 33060 81462 36402 77138 17547
       97792 23999 82000 61868 20929 10232 57617 9871 77174 17986 15938 25221 14901 71697 71385
       16920 90017 91122 14014 825 88331 70227 18534 86336 94085 37146 35747 75546 89900 12884
       24010 39915 53652 49708 30877 4953 74249 19910 43959 98366 14337 1810 96700 44900 66337
       41165 72790 62420 65059 82482 25744 55681 36239 84484 95602 6285 87007 73555 15066 49007
       55468 94873 85657 7071 54746 66441 70922 599 92500 63176 91226 35349 63881 75870 91502
       6520 67483 59855 36180 64723 19629 31531 14373 64830 90153 91407 66394 15766 91315 61560
       15163 63134 56432 17171 70204 27530 83611 57478 28128 92462 37005 19353 27810 885 11574
       10523 29180 98902 46491 44432 86096 26643 6148 89350 31034 49958 77382 39262 10577 7302
       41234 13463 87085 77451 1458 96680 46924 39113 24938 69702 50940 39236 90231 9448 72960
       9444 4043 53234 91443 82262 74163 1675 39879 84033 95200 74216 16322 20421 5469 88019
       8157 22388 94387 99278 52754 95211 3960 22980 13745 6647 33416 67242 42393 8962 73493
       55276 18405 77535 8509 26200 59797 99023 27874 16027 83056 39425 6594 15729 59845 12062
       55630 55428 88921 9281 5135 36149 14234 79383 56058 74544 94100 86747 92706 7152 31646
       59042 64668 4435 21461 29726 3269 63556 1758 55859 48040 13712 62143 35046 3618 77209
       84052 59248 32636 89325 68528 54122 25473 99113 49857 81531 90009 43956 84629 82714 67459
       35663 23757 79056 11869 59936 60130 31497 7818 90855 96327 97970 82261 79072 30087 89928
       56983 61601 53061 13415 78771 39617 40944 78733 13446 85423 87547 50450 21128 15356 67687
       32701 67371 91443 28109 79239 67730 4590 10736 75547 95444 23414 89869 77705 2485 36307
       67632 59467 97908 37044 89233 93030 93012 46528 71763 6457 31951 59309 73259 53078 91016
       57297 2130 58386 65091 30238 53977 49172 51180 64712 41070 46623 4477 47290 24327 6961
       95662 19970 2139 94563 82813 62922 80658 25807 69070 86360 56840 19027 63741 12453 45955
       71042 53687 75769 58127 47489 93579 71158 94412 32691 96095 80466 99982 51683 87048 9429
       24642 82710 45751 43132 77272 44915 22406 74282 70721 91475 60641 43912 26853 40733 72716
       3747 68001 50802 14486 83630 19907 26048 87589 42886 39792 10587 76301 23386 52979 1614
       96878 24606 36371 90765 33115 62570 50561 48489 6795 82939 31544 46219 89532 47273 22416
       17946 67371 6768 85099 81856 90398 5005 7904 94338 64242 64047 4925 56894 3784 74255
       16274 41755 32126 37061 79567 78203 40329 59474 79961 96187 7513 10024 58329 58911 13641
       51889 42962 89240 84524 32286 74120 54998 74111 73232 4854 55641 63240 65161 56621 62305
       83597 8310 82779 97856 45354 88364 90885 54717 34891 78999 61174 83193 54659 50784 52622
       62027 24432 54752 20412 89522 1341 90740 55045 52520 55451 96114 15495 59927 43404 56173
       83239 27000 64483 82370 41207 26188 70733 48443 80904 21975 43794 58429 5168 98452 9212
       57789 60478 49995 28892 97242 39516 46585 87981 94560 15456 59784 7026 30950 36062 50429
       87123 35653 93780 51605 18022 34986 94144 5106 99780 75047 27080 43573 49828 48599 42025
       72807 11775 26402 48576 86253 90243 42154 57410 1006 91196 69857 81471 7529 21539 84871
       33310 62532 67580 95412 22015 44851 40326 60772 35484 27398 68598 12476 87661 95450 53209
       58508 17014 98861 11230 7778 48327 90151 74690 96815 96945 57628 44711 59515 63511 91983
       81930 81456 75705 5050 82906 57561 11799 87910 81816 22488 68503 45862 43764 25397 65998
       18019 256 83011 16879 11485 90788 65205 17987 65477 62019 31283 39456 6729 90797 2966
       32620 72894 20411 81097 9954 99977 59300 66634 59451 55612 62820 83315 65635 37501 42225
       79275 89389 1539 84867 90265 50176 58986 61614 24286 48569 66467 96278 28161 47979 52898
       75391 22740 18854 25386 67983 32447 81253 14567 36780 92165 30023 96563 99190 77324 32624
       49618 64446 68276 59749 32402 2649 11086 42897 24106 10865 17944 51186 70790 67771 16136
       29166 59513 55227 48019 84898 23210 96818 66151 37776 33597 58315 84150 30159 57504 61474
       79134 23473 42271 63762 99573 91025 82762 10658 33921 6868 37874 51864 74405 8663 35986
       90540 37828 95499 45767 2199 96748 85328 99016 62898 23103 32612 37564 23605 79122 11419
       60376 84609 81335 3130 33184 67587 93372 91689 41348 94377 99236 27556 92200 6764 65446
       77070 56425 44329 44649 51836 66344 5851 92161 43467 57687 35910 12065 70162 23570 7514
       39722 83946 8474 21056 87075 58009 4994 96798 49697 62694 91174 65284 90249 83373 88400
       15063 89079 84422 90768 10480 67327 64680 22278 71589 62847 44765 40091 8708 88529 81839
       74705 6547 82094 57715 39777 9930 64854 4981 27916 30330 83351 75550 86137 6432 66347
       89103 37846 71777 89876 44965 82256 73554 25996 4533 45142 88842 65649 1585 13902 54177
       83423 4958 77075 81869 79025 16851 91798 43878 38183 36066 90560 37886 11615 76696 60669
       90465 96950 25792 10876 78047 52097 27204 37346 18731 86654 92957 97902 86321 58591 35402
       28545 54217 41143 46435 39083 47759 96611 98068 9372 20896 62989 92190 33526 91149 56520
       86423 81613 53470 28566 92488 31516 97015 19692 68861 32097 22697 78169 29998 9017 36759
       65400 53914 7327 22894 348 46410 87004 13310 60829 12727 50558 23817 4916 84083 31317
       1430 74607 34891 43700 38368 34463 34724 21130 61472 68645 44349 99346 36860 18753 8008
       89198 9292 62188 1048 71410 64386 97795 56737 63401 77045 96192 12364 14608 36148 91485
       26027 37577 66091 77269 97628 20811 28084 48704 58292 89555 17348 2640 5252 70559 21392
       29612 76108 47035 91799 93507 18445 56184 91302 91533 35936 84698 4076 48299 99305 40223
       56135 41683 94151 22225 18952 91779 43035 47035 40482 17678 52941 74181 20317 74545 61091
       55695 60442 44824 23 5090 96660 82718 27293 5172 26185 84979 57434 54601 55140 81003
       78466 94862 81300 86940 32269 84726 44948 37263 81523 10997 16308 72697 76280 6556 56069
       94313 65798 98514 82441 55673 59831 64696 29227 85826 85580 90720 74668 51229 92304 88569
       21757 92079 93526 15184 73947 72550 32034 82096 32780 86569 18161 23339 24454 46128 16386
       61435 86857 12930 31256 31775 21769 62771 45141 57812 47983 77237 96861 26151 7234 22229
       62909 88985 76142 86588 28230 92842 32997 15233 6151 10177 27959 73060 50346 49226 57142
       41708 4156 37199 88743 12306 30705 23539 84841 38358 31423 20776 39407 51851 85426 38712
       92073 41560 96746 86224 80136 15697 94354 39523 79083 34835 57200 48376 25367 77517 22920
       86457 35576 27075 40007 24318 39380 70712 64208 24220 25421 11983 61347 64828 63833 63124
       19891 72257 4683 16636 58480 84818 48685 69185 24340 27767 4019 81540 76142 29385 75408
       99061 32194 10983 42487 72200 51653 98218 59263 32212 38789 84684 44194 135 65863 8026
       63258 85753 96635 84292 18740 71466 69110 67424 40651 9801 11543 61021 7692 87684 6758
       83099 3097 38951 94082 45583 11150 45734 60153 86765 77945 98941 71448 38491 15428 53662
       81031 78602 32863 25855 78625 54304 38866 77694 81596 44037 20230 66574 17822 74830 38066
       98825 53296 49279 96476 40235 81547 81202 85182 35161 79076 12530 51468 68124 88810 58024
       40545 86192 52977 73407 12046 31601 27710 50911 25647 9306 11300 45876 92231 29121 20706
       85122 40440 82184 99987 22881 54208 59817 3928 99786 61995 89508 90506 36662 57088 99161
       41582 95196 91239 51459 10379 81537 40361 58765 63633 73140 45333 98145 12830 69786 60624
       81662 27013 60351 10943 58268 8477 49064 21039 53617 6875 69021 30853 3735 95172 54438
       25964 74432 43423 18457 61019 71652 27650 10367 3237 33801 36896 31195 23212 3593 80421
       80354 1606 7433 57056 12549 65700 65532 77964 3090 19148 84838 72111 66352 4925 83634
       46516 78685 55766 59502 79329 74505 30968 64790 58281 71618 74590 69823 32638 82282 73858
       39395 65380 76954 78345 75813 38889 5847 21546 99041 92611 15843 14333 80410 54333 29760
       50423 17200 24797 6188 76702 4125 97044 7669 68914 55324 79286 43503 41498 28275 42136
       15356 67670 23868 8661 62366 99680 63901 68212 21226 79293 77174 53420 93626 57583 7752
       20789 47240 74417 80563 65696 35436 68567 9698 62154 71803 43498 99049 2997 66709 2641
       83417 63414 4247 7201 36821 33147 72901 2352 11110 92342 37851 12299 80804 20554 17223
       30296 44297 90353 79574 57125 30587 61121 54678 32120 12633 33753 61002 64101 1877 66163
       38476 58773 52354 91452 32179 64400 39405 76240 31662 81403 85545 59313 27278 94128 4786
       29215 71259 1064 11398 87597 40296 81958 47414 44223 81743 25760 50082 88600 62421 23521
       87761 20354 18717 95351 71812 45447 93240 12172 4211 73224 1663 49543 71368 14492 35680
       31992 43707 23290 49407 71456 10887 89702 53413 74652 50276 51508 411 358 40107 79183
       23385 8005 24951 64533 30544 1652 68657 27588 25672 53922 99263 21309 97425 40761 49584
       55912 72468 17253 79779 81128 79618 79459 61381 64182 17036 40673 41355 70455 34298 15290
       78206 74035 39646 19508 38567 70190 21160 23576 14129 63183 77497 13391 84492 91273 70503
       34075 47185 42970 67679 26963 40450 47296 22773 1830 27829 39808 42502 85536 26614 93152
       825 4819 83538 56822 24327 22104 43363 61838 62031 57491 41372 39528 87234 25863 30800
       57736 59937 94336 17058 27615 37651 57507 91263 60423 75688 19091 16583 34541 20978 43196
       27692 38154 64367 11229 94976 5045 49685 38338 83234 11715 12181 24605 67594 99414 50468
       14746 73501 26756 9081 90558 54371 46731 64416 61985 23506
       40230 27867 99536 75298 39570 87699 20745 32809 99871 24955 22384 17885 90850 93751 32377
       26529 42094 92435 66171 7852 63890 77057 13905 33655 68060 64181 85162 84822 80890 25268
       64437 57695 80814 38854 38257 62862 90641 6823 72559 52794 78625 32408 68195 97974 99116
       70835 97742 78882 91433 4943 15702 24579 94195 34406 52040 86536 88608 64339 67340 9162
       64335 24423 49082 54687 20349 22558 1625 81469 77235 50097 10453 10988 11098 90905 29216
       77260 45732 87988 45965 37184 36518 26716 92940 12757 58378 74342 14654 34042 17971 8781
       38827 82306 33203 4261 53344 53551 26818 71321 51371 4053 37769 78176 31392 48866 69080
       76959 42477 14812 64946 4793 68347 1463 31509 77638 30571 89886 51979 45224 40279 69949
       54004 79106 68606 3559 99718 38302 73461 26535 9622 41184 46939 47390 19359 94682 12607
       4790 71640 71435 19601 36585 76227 87947 54399 7735 65584 84970 13972 33914 30193 54251
       20215 549 49708 5172 4107 49425 43473 93919 92311 69446 35102 55602 33187 70812 50283
       64004 21119 69487 79891 12769 25408 67589 33513 74568 67459 58467 96951 85344 65668 7053
       34072 92197 49147 26506 58367 73350 90395 51775 87255 24049 19834 51435 25562 21007 48676
       50830 85010 86146 36668 64900 98914 62075 32488 48778 52994 16299 23597 49944 17994 89264
       97913 48128 66856 78727 3333 21464 41588 93973 44639 14146 63119 23263 46553 47665 37588
       62020 34851 35330 57253 26284 56624 89307 67214 50818 23712 19254 53705 28671 83592 37396
       54184 81504 85524 37391 76582 5208 58855 18169 15533 3493 32314 78651 43107 95218 26315
       45793 75602 21923 33579 95202 74859 9806 99501 45610 33892 81436 30579 64216 31702 77123
       18466 68268 94023 84525 73439 14481 50301 33264 8400 58963 2709 59853 30916 52248 30665
       56996 52065 97812 22494 78570 56178 95844 85316 24304 83098 25717 60489 50884 51278 81495
       15911 18459 82856 2056 71478 47755 17322 33552 96595 66099 2897 12893 89695 52840 47238
       97047 57238 61165 32376 14490 3800 5351 3796 71014 72520 43859 6619 26224 72530 6562
       79972 26713 4417 81847 80456 80999 87054 39310 99167 2586 59154 47833 97588 18612 43050
       40254 15658 287 17771 64385 31129 21570 69735 51276 8935 42254 95135 15553 84830 84016
       22114 64801 27080 26531 62999 7535 7529 50052 63196 23047 68990 22349 70879 66577 40961
       81199 98040 6266 19473 47971 17819 10683 74128 17319 56292 8019 15107 86870 72234 46808
       80345 7051 15075 90719 7927 4865 5200 58227 38128 13599 33542 57189 73451 64457 9436
       20467 62007 23827 26732 81479 71797 44551 92162 45924 78221 64805 70295 93327 68027 58880
       56486 48371 82283 71560 39089 90209 92777 60640 64788 30904 90590 14681 4444 80393 79137
       78959 9836 99302 76770 32329 94223 49300 28172 95890 89955 27621 21606 50444 94856 89236
       48290 10766 7694 31146 29174 79172 78900 46495 29075 91846 28945 31972 21090 18640 84811
       30281 6831 72970 46919 40953 37355 78047 62522 7089 29323 87809 65695 40809 3361 50524
       24824 41827 31676 51903 68357 11026 59438 92237 61077 22633 31635 46418 61334 18866 12995
       18646 49146 36177 91615 96064 77129 28969 90463 56002 52410 36137 43810 34456 76945 63523
       30231 859 57496 54058 27591 55326 42206 88493 63839 4482 66713 28644 74776 60040 96670
       50007 32877 61392 48641 4437 16832 38850 13565 77472 19989 44468 68061 51021 65264 48453
       68327 13950 10998 83980 7071 43327 78202 72722 87850 74092 62677 31823 12049 29472 26678
       1284 77761 37444 8978 8906 66617 4501 4158 29463 49927 96003 58407 81898 17093 93398
       84979 1768 5349 33006 70022 90057 44031 45811 98645 21459 68444 30279 67877 46129 49144
       97223 64774 14641 49751 56388 10705 43231 1709 17519 99232 54118 53655 59394 88573 30599
       30157 95494 49312 4004 49551 93254 59330 8109 81746 23168 12590 48458 51811 3717 24849
       48480 70075 57726 26223 18716 78514 43055 73917 92078 20526 93905 52897 4938 44925 34512
       83061 85419 23699 94058 85751 30770 53736 63952 19843 57938 54395 98871 89760 82796 28342
       16437 84079 6103 70232 9408 31360 36848 13908 35517 82662 80187 47872 41069 62084 64964
       39268 89903 48718 44616 39260 18739 51024 99642 64550 49668 37452 49345 96298 5328 95473
       61794 18902 60246 76434 68652 32985 3490 11882 34693 21008 27466 5162 91014 3211 10086
       69743 91433 30006 35406 11789 95908 28659 71118 4016 26756 94285 32957 91565 62448 36673
       16414 27279 6748 90491 53502 41815 85356 96556 15731 93785 33433 9635 63033 54722 70911
       97545 24464 78695 43902 59869 90483 39809 4879 77952 60177 31634 72237 93133 23199 51036
       34466 61496 66734 74517 71906 52484 5286 41993 32788 41480 99930 3534 40351 89689 86329
       68692 22478 86760 91146 92709 96167 38858 45909 26427 74374 28570 6613 22245 85990 85048
       3560 36808 46544 86646 11324 34801 55481 16609 76793 88268 74440 76723 8154 14790 82763
       94482 99834 21592 81241 7331 14301 93760 46188 76561 20186 20562 21482 26798 59158 7472
       11845 79070 44279 74740 65715 55602 9540 21195 88562 86333 25815 63001 79407 33968 77791
       37964 42478 16340 86681 3445 55599 21772 54468 71592 2673 20487 9044 52017 33136 30723
       63841 94929 49625 40438 87715 34628 73422 91204 46510 8115 28564 90327 29628 35929 93537
       39714 73893 36014 56053 60573 39458 28004 82344 10277 99595 1368 30763 24990 53384 63898
       46158 55964 78314 69257 62806 31815 11071 48161 28370 26801 58297 78154 52787 21329 32876
       40049 18873 57339 35095 62774 33560 41930 18935 38438 19881 79111 86424 8469 88595 9622
       59504 51104 81937 54170 36712 44742 85984 47782 9254 30706 90934 67550 8859 60072 88878
       62169 44801 93976 113 42394 1306 14413 36153 47494 7325 56338 84407 28806 99487 43564
       36277 27683 22633 80555 2423 88347 36156 11962 25894 24717 14646 51708 4070 94052 85675
       98212 72573 30475 92187 72685 72868 93492 3449 25372 40985 10773 81709 25391 55930 97547
       55713 17224 75179 21689 57661 62893 56316 47435 70448 19177 71901 15363 9503 1528 51292
       3039 41241 25184 55404 13646 2108 94861 58001 804 5137 73947 2171 52251 98937 71907
       32501 71001 5482 7679 92689 63143 86923 65356 26929 73722 84533 98829 5437 10387 356
       73080 29778 57949 14615 85181 87946 33074 96394 45946 33877 17882 19892 52400 86485 35180
       24306 18985 6180 29787 43015 15220 9281 46289 96928 36209 36362 97812 51389 58150 8198
       58086 16472 24103 15425 51567 3228 65336 9848 22162 20125 29728 17624 6548 54549 6219
       16169 30404 73674 14457 84573 10386 59198 70557 58167 84803 17614 65453 52352 42824 25524
       57582 910 41996 81684 32686 9914 84911 98021 19761 23425 18145 65840 41048 24693 36740
       85307 92207 25230 24291 89113 44004 28990 41621 72317 54883 82689 86963 6590 86758 97366
       8616 84969 69938 39090 93507 58974 28310 86999 78774 53681 44335 5898 51742 86078 61828
       49288 71384 70386 90869 12026 75850 34872 41015 17470 7189 95897 16511 94151 18838 19620
Array: 33253 20410 82055 66907 2543 24588 15635 50261 47331 75503 26605 61153 29121 82174 40194
       63618 57213 67144 37292 88022 51716 47677 63571 38624 22195 48374 72589 3999 725 15413
       45875 74658 16322 4222 72693 49007 14135 73956 63379 50247 97380 81523 16086 54779 22567
       7868 27453 4589 77806 66543 98095 53131 11204 1445 31905 81236 45780 37802 32977 48209
       99629 98617 35944 86366 89485 47969 62216 24357 88984 79685 47897 1232 12547 42047 20070
       32167 49914 47522 36755 44071 30416 51201 13554 41619 68998 45458 22855 31129 83259 72183
       51745 31229 54327 26045 62195 55860 13990 95269 52253 76287 29145 86486 96178 97896 89322
       47710 22201 8306 70241 68340 67672 85461 93972 30312 82388 46533 83026 80199 97921 41175
       4748 66017 72404 59075 92061 34598 14934 22402 46218 83538 98688 75363 86375 11218 89610
       75697 75279 28163 354 45519 96502 84378 30979 6825 14689 29718 53357 97714 26268 67630
       52826 18397 96132 36321 72040 84153 4388 36068 47723 59364 74614 12448 31952 78613 13173
       47364 24487 4182 80037 28708 76875 29043 59194 50830 92421 9440 48209 90296 41877 2987
       79337 99240 70799 15280 85605 60284 63248 64172 992 68583 60209 48888 86167 72755 7286
       6236 4921 73551 53757 58027 33974 525 25580 47527 42143 94577 92984 81349 25705 92594
       53532 5041 91833 40682 36672 93790 17317 16271 57961 18308
       55241 31016 33646 43996 6442 42059 78593 37727 80812 41163 37616 95852 16525 23990 23421
       22486 16038 98699 50648 16392 44217 63501 17121 91548 70326 48161 21265 40034 62227 63885
       29214 94702 37735 25345 31022 9774 25849 51762 62193 89924 11125 36807 2371 43076 15419
       31895 6792 39905 36077 86828 84964 12951 15871 44157 63780 24643 53596 28340 31290 95472
       31326 60504 6526 85413 2200 53899 11538 28049 5660 73731 34324 33136 10537 53046 76212
Array: 20102 18494 73853 6436 37570 94776 89721 81235 33412 37310 65162 90660 11352 20972 11541
       7663 17467 11252 57661 61462 17693 16071 56406 55419 13234 97568 93034 9085 30444 33375
       32505 52930 49413 47555 3577 82156 91772 67078 99276 83319 53755 47436 20935 93788 9662
       42307 84941 99355 98563 37369 86182 83526 50319 18404 44034 30450 43047 97629 58789 74336
       9452 6466 51191 15977 91878 53391 86228 3416 97791 8239 77146 32114 41375 4034 85159
       84663 20969 74377 77392 5093 81105 42131 36283 22464 43101 52549 32685 61552 83844 8649
       84819 17803 43480 96070 91815 4941 30114 24237 61347 1884 37470 58914 11269 46555 89358
       44644 95411 58639 10408 42966 78567 92563 51089 45644 8190 34407 15750 71977 55341 9538
       81639 56512 43692 41470 52581 51858 46411 82695 76094 7757 84578 13563 83022 95847 76469
       17586 46340 86451 16940 44902 23819 19473 44779 90489 37877 88812 20938 97275 2792 79726
       87962 12243 86192 39153 44572 78069 8895 30799 97836 6685 55389 91333 55150 96763 95366
       56660 30700 58057 43111 63991 19310 83281 83464 80440 73770 37692 69251 94707 34966 72042
       74433 39279 637 76976 78431 61560 55044 87325 8710 69232 10361 64098 60564 65510 60861
       33739 20297 43494 23943 26732 81064 35070 32805 78650 68481 70114 60163 75492 97817 81134
       88731 56842 88232 47369 67249 47549 25936 76163 98637 87931 84352 33043 3681 56328 4735
       29570 54318 77598 89613 95788 46531 41470 42198 29225 17563 66306 30154 47477 49327 42352
       40298 54410 15545 28529 18130 82793 76077 60417 58955 74713 64700 43306 24107 84732 15986
       55930 22170 91560 30338 81632 55551 49648 64912 39014 30087 55033 76705 15690 49740 28022
       4083 40524 67300 4719 17499 62083 66278 88894 65759 74987 58125 76120 55437 18689 57981
       16297 90970 96502 7856 21307 78133 79758 87306 59397 35123 33745 30781 28179 65786 80520
       56200 69868 37395 39852 90939 54893 1934 73568 43787 67692 64907 18263 60163 20343 36951
       87032 82479 2103 77760 76222 23547 75217 34705 76182 14032 77805 28730 63068 55708 28926
       45193 14301 70303 22791 20265 66090 69321 61734 24639 14897 95648 90944 61402 43124 56623
       20106 99773 27384 35650 28301 45513 18443 20729 5930 93749 95441 70629 53407 35899 71712
       69392 97444 86012 39694 36586 22628 22136 22258 84361 46774 37154 96360 54070 14907 55835
       10692 35012 55608 38075 70662 83908 99939 5456 4637 5868
       71717 89446 49222 31562 29740 92306 28977 64809 41462 7627 49641 27927 84141 25132 25743
       44842 15705 54581 48978 85737 39300 77128 30293 42162 22483 95121 18132 49161 27679 89511
       18144 36639 44272 14645 60846 81931 9130 56956 85588 84878 92078 35684 15658 20257 1469
       96178 92808 87689 49924 32659 78627 4817 50944 68546 64955
Array: 53289 93826 10578 78821 68973 29509 74740 22159 60200 32968 90937 55501 78201 68897 93814
       81627 28516 24574 81 22627 795 23627 97843 35499 99808 11874 29656 44890 74942 85363
       42939 60931 26273 24993 44189 28815 65933 59824 79075 13263 35326 5679 74415 64446 4204
       18552 77846 75401 54771 30641 22523 80609 16097 48778 15709 32888 44366 28111 32267 27002
       90167 63010 91161 55740 10923 20900 48045 39900 2061 89506 63878 51701 17432 64370 93185
       30960 25639 36260 85541 74617 21997 24840 68096 68641 83353 90578 80113 1484 39738 7792
       29159 85556 20827 56088 64376 89799 1949 55468 28309 62148 88435 19245 34000 66635 4494
       59527 45996 21700 84100 46076 44326 84894 86055 58521 36745 85862 86746 82752 47103 78039
       7346 82677 85074 33618 24021 29263 62433 89953 89086 41507 3215 40763 63538 93981 5208
       44165 1538 82339 19566 56308 12979 58440 53269 45428 23570 85329 78315 67935 13439 26933
       68114 37269 41048 75626 93009 68323 96526 57405 24574 14938 63263 88451 66638 97046 69172
       84093 41293 30847 20353 26833 21815 58701 68024 89910 43693 51376 80487 23806 52859 20224
       94936 58949 12488 15762 15037 93216 21912 33337 48683 50221 95484 37117 85817 29483 20103
       76174 56572 15168 14225 40671 77595 74903 41917 63649 33423 95013 49511 20168 77764 12965
       47949 76556 19252 33022 10174 59625 78636 72606 49577 67721 30464 69144 8483 10353 79476
       90310 89999 21640 72648 9564 94299 1979 84356 47567 47406 7925 32895 42072 75859 62685
       98207 45877 50234 55606 37855 59594 23928 50732 16998 48501 65669 80260 53303 48658 77306
       30043 94446 20768 77241 31150 63952 99055 6202 48327 5316 49894 99702 85802 90051 68912
       69004 70795 37986 97844 2908 69374 91059 24820 2710 56093 75040 14545 93209 77208 60379
       22475 24832 33877 53994 39056 90900 31588 30310 32816 95237 63732 27828 61099 83900 21943
       22377 37999 45468 41629 87373 71993 17605 66008 44598 83533 50081 91413 69028 74915 1766
       13311 67518 50377 51302 56517 76293 45600 58495 60648 9519 22252 68572 42413 80675 44430
       74063 98458 84171 24296 54063 22025 83889 94343 72756 17239 59195 38424 97498 28850 87082
       48504 21309 12563 85623 98549 43712 65927 13955 66265 14253 35622 16158 30307 21423 22561
       21450 49679 31576 59435 63874 34484 45160 54932 59303 47869 11024 50694 62413 20584 44253
       91155 51324 28265 41384 21669 83672 32283 53256 13982 81450 48492 94065 25629 25942 94316
       15570 60152 60559 77389 18132 64283 49381 35736 46643 10330 19268 13075 18095 88296 4341
       22791 50246 11770 89519 1547 84639 65811 47146 59485 26458 56664 81737 11381 15429 78763
       47571 5 92773 31741 40652 63188 53766 40893 73882 26521 58131 33076 81297 71980 78277
       36212 53151 25650 48774 55125 40550 8837 21051 70857 75101 51656 6478 91258 98314 44253
       55811 53230 44793 3738 29016 8666 38221 74175 79949 13875 22043 7324 80920 807 27907
       84730 63135 29600 29346 4518 51268 13017 53152 20876 43350 34601 85719 37415 76581 11661
       30170 30235 4404 7081 23976 22535 71363 73356 74622 34357 38 93889 47431 34484 98536
       25173 39949 78152 53294 29467 96050 37932 11630 59548 13769 38087 32563 11857 49468 47991
       31730 24151 11665 40855 72243 52316 4042 26008 9560 77923 68881 67690 27350 50177 56022
       68124 70695 51686 93773 19468 6811 50674 28304 44213 37882 3404 12220 44360 11013 10533
       90619 21630 17572 35412 25367 46587 44077 79940 20761 24026 10166 59155 31349 91086 76313
       5627 51258 19156 51578 80603 40025 19198 9971 9528 40073 53321 60480 42143 7087 37060
       4964 41183 57120 25719 48263 81095 64605 35977 70802 39226 70334 87191 49466 34116 21674
       75608 32610 16261 70111 85903 62080 66161 40187 73709 25708 70307 28147 58270 82163 93966
       53803 38816 61210 65467 79670 33452 34135 63 75812 43694 94337 44692 27736 21687 11220
       48002 18591 92368 16039 12363 11835 39201 79389 56490 83414 17270 76245 95633 77981 3610
       22613 72781 15595 40184 24544 57314 3123 68621 53605 23883 8998 63770 99390 56698 71207
       83757 43665 78829 19264 95242 75783 75640 30791 85753 85167 87215 55425 45646 29358 62511
       22518 82944 61144 95989 25014 25758 77083 89618 61734 47884 45195 48419 51427 94661 98887
       75702 48657 3816 8315 18768 6071 70394 84928 62609 60454 10635 32915 88600 85256 15077
       99057 83160 17679 60266 64979 13700 10069 15465 13763 2232 59158 8099 63275 3245 46137
       73100 59014 17477 65468 75052 46192 93654 14253 25580 66496 14018 59201 42740 26002 37182
       82566 7868 4209 14512 64404 28753 88177 67526 97373 58133 7760 22722 21903 7149 95771
       90846 3353 6153 69674 22616 17747 45456 14607 48537 47561 16125 52104 2985 78122 81461
       62701 64871 36477 23844 60859 77843 49601 54293 67460 27687 18529 12655 76105 69955 23667
       81848 77178 64620 15878 53795 45950 29577 63864 61414 59691 82447 36924 84142 45722 40168
       91343 43054 82680 8820 24873 74083 71363 34879 4687 13294 1374 35056 72494 60465 61058
       9461 99203 44428 13277 23869 63195 35699 10614 64474 98307 71067 91460 31221 76018 76715
       62649 74935 935 66857 5799 65338 95609 93975 32863 9333 52108 40622 48406 90362 64123
       46630 36567 43521 52783 22593 82488 70529 84400 97095 35417 31960 29571 87520 51297 7693
       26027 23166 25928 78856 47009 3139 56698 96610 57431 40509 24296 75959 53163 16752 62265
       44177 99822 79677 4956 29450 19897 84502 65148 30510 48975 63454 17928 56786 11026 10297
       68980 33144 84870 49952 65373 38665 12253 94949 18880 73667 70992 1326 10590 55133 47047
       93181 24447 5319 75860 49618 46543 66295 20980 81421 70981 34273 82794 6037 23118 43259
       49852 73674 85232 50786 56883 91030 32475 52491 1356 81689 78176 69815 38663 26581 60176
       67109 1762 99966 26981 70896 22558 9469 57776 6957 22915 93193 55269 52485 97064 6565
       83446 65497 82776 25725 60704 29784 28863 17401 42745 2646 57909 83392 78604 27424 16496
       2785 87109 76350 98813 8416 5799 18709 92917 70947 65570 58243 50752 99849 15028 61778
       60177 82396 56060 45047 48699 21432 63 60951 32732 18942 34617 3723 20267 61558 58855
       40869 20604 40942 62539 12816 90559 9081 79110 27890 6854 50090 62162 89647 72478 1631
       10145 81232 51803 11728 48369 8685 2757 80844 77528 20465 62532 55703 90279 1194 98635
       67314 28667 76969 83631 71999 64216 6188 81467 21992 29496 20733 31536 84764 73218 28599
       49257 55923 83479 48384 81648 44182 78168 26862 61582 37264 29507 35843 37008 24463 63266
       50455 20330 85744 43156 35494 94159 48954 70554 3428 36252 52475 61670 3356 52323 93050
       91328 49746 10994 47387 11144 59692 85170 11206 20643 17902 30147 71611 21624 50414 49521
       53503 81683 83869 94444 60573 13036 1354 86005 92145 29243 92858 58587 7756 98857 47416
       65133 78820 90633 33287 90547 39001 41972 9656 19844 19499 30120 98728 91553 36750 16273
       96831 34079 94539 90151 17709 66537 54366 40248 64356 92709 69743 85088 24244 70859 74657
       25738 64465 3339 9217 12849 1338 53398 7368 44551 31332 44631 74058 67174 81638 14872
       90187 3556 52955 92282 46711 88448 2793 12017 59002 6220 64620 11476 84241 67975 80151
       52843 78538 24403 80188 42277 35546 39880 27446 46752 76874 45347 93250 64836 83323 43663
       30439 51492 12906 30659 62287 73478 60047 63640 59482 52191 9234 52340 27129 16989 67548
       93642 49459 58970 84274 82746 65868 23275 41069 91875 59470 60567 38346 74549 52119 75096
       14356 96505 94093 25246 86655 28153 91783 57372 68400 56138 50081 54495 57577 90676 41705
       74545 42727 32012 94235 51943 44860 95572 21692 52227 56474 53023 13210 30531 20196 11199
       90822 58657 78651 43776 50939 25362 48575 53731 53730 7576 59950 18349 35404 60542 2676
       32234 43518 20242 56636 23706 62518 8533 79937 89964 71636 73162 51662 64886 37997 34984
       61754 66986 62691 74659 13997 24977 48136 74043 4969 23970 42585 14202 92661 69714 31191
       15554 54184 52134 90875 38457 51231 73094 78083 92299 64969 37553 52865 19666 28453 21335
       24900 68705 31488 18993 93950 34494 47145 2084 91866 31897 74573 58298 2743 32150 48973
       60208 44258 90269 8571 38492 58563 69783 50415 80254 22009 6888 33277 51570 53771 69824
       94761 19274 96344 73412 79401 47282 15125 27976 17364 85206 51903 77313 19906 3658 54206
       44447 64383 8843 64688 37370 48900 27206 45902 45188 33521 33890 18349 85182 98775 72697
       62769 15524 53162 25459 6535 67158 66787 71022 57552 71755 94991 136 2309 4003 69849
       22581 35563 8389 74715 26437 46846 25945 15883 24928 18244 97203 78832 87460 16868 23637
       36518 23674 57753 84357 42666 68055 18851 6163 70138 27068 38059 61063 1717 40801 93212
       33499 80562 30458 40119 89133 68949 98681 58915 35715 95286 97275 42603 44914 65197 12725
       31090 27965 44600 84251 69775 51134 67760 36561 22156 25311 24668 33498 41798 26976 53853
       25147 11629 42910 21490 1392 38663 85123 32868 82990 2486 34425 34892 96150 54330 38550
       50689 1599 73946 59531 66286 11315 24782 9843 73568 69969 43363 7457 88317 44897 6231
       50355 76911 74112 58744 67977 16901 21941 93921 32783 63220 28516 46337 58404 32328 63204
       77366 81414 46257 35118 65770 88922 3172 972 11436 89662 28039 49494 67076 46107 6646
       11647 76826 34414 58456 33296 39898 43757 31976 15164 79471 43613 28791 38425 88527 93987
       82040 73826 91184 41301 11667 92575 79963 13141 41794 79304 15626 76218 14196 28127 30548
       60287 96796 8244 50584 72678 90882 78250 97460 724 51817 67428 60439 75626 72097 5335
       51149 19616 38303 95749 20218 8077 63234 87977 60989 1741 29639 2008 35239 71436 28983
       69097 94833 23810 43208 69928 91786 76460 91868 85706 25594 71440 30574 71930 46195 79253
       98208 49462 3100 44464 931 85221 49738 20455 86193 61173 10116 30583 27019 93543 76690
       5443 99434 22160 56208 57890 55455 96106 1646 3782 27621 97468 47395 72763 35893 52273
       35134 28234 69430 26317 85886 81096 35244 65849 94236 93389 45152 26213 69607 75699 70691
       50016 53829 89837 74612 20764 62514 65493 99013 59973 82568 50829 43753 59358 42806 15849
       83101 3393 88240 21403 15493 8457 45831 78727 12785 23172 80467 42423 25179 32057 13858
       70514 53851 13292 92673 10059 87533 64480 22516 89178 68261 50136 2997 32007 39251 55241
       16506 44795 65523 40315 4355 35451 32100 80814 43670 34157 6408 15109 81082 94689 61303
       81044 41014 65310 84143 1829 82592 69364 51566 3046 55556 29091 13161 2490 56109 23055
       76686 29822 5888 46115 72491 91774 43562 24086 73974 54149 17474 35477 80361 3432 11176
       79179 22476 93235 69015 97087 13998 47881 78931 13010 7853 77851 80191 67957 37208 22996
       84279 22351 58634 72518 43754 90478 97326 5936 69204 10110 29107 66023 52532 54286 14431
       51051 36289 72322 32926 76603 76676 68376 25054 73842 12045 75563 96601 43506 56644 91289
       83805 18252 80361 65466 18746 82190 48058 88109 33755 51103 60016 79197 80616 62506 35305
       82742 41151 68282 12385 33823 78340 99917 98302 855 5446 82915 67342 8442 14921 6592
       4808 33330 37463 27048 95796 9953 18821 39358 50390 92794 9858 67863 28270 90219 71295
       3670 58036 57781 96905 43403 71219 27254 91283 50150 40264 15487 44352 36806 83444 81559
       63683 99200 28943 38668 88069 89048 29145 1747 94983 98349 11856 24090 80723 80740 94727
       55797 57621 7583 28119 90546 538 21146 75273 25591 11339 87318 17505 24291 30823 74149
       76153 83600 16162 56514 65418 34908 38703 29827 39368 88809 80929 99384 68006 77896 78241
       95153 79833 35877 79786 92217 86051 74477 92133 705 75331 13930 83619 59025 22371 14891
       31932 51982 23830 69394 95381 19625 95698 14201 75334 46087 23346 85192 30301 67968 91762
       19662 97918 36276 93794 11174 96030 81365 38427 87312 31514 78690 19151 75865 31847 2594
       81968 2405 30442 27262 41072 18511 16309 70217 36609 27644 84917 64816 68085 65639 45555
       17947 23764 65734 41882 68234 72632 42419 5732 47904 84361 17070 51573 1866 57713 98747
       73775 8000 2545 89937 80865 67962 41196 19567 97788 80563 24727 95069 96298 9084 89316
       62811 77143 41739 15039 73281 33955 1089 47757 42439 1793 39440 56368 1763 98464 78739
       92366 89644 67081 16195 59037 62461 52171 71086 76662 43857 17172 16359 45400 63824 84326
       74538 45098 87233 27166 55243 98406 23195 36607 36833 10507 84472 31874 29657 76688 80073
       16654 80431 81143 47095 24045 38567 81957 56705 8783 18565 84348 93699 83381 52432 75689
       37161 81771 24442 19246 23652 92675 91877 82422 14758 56133 66782 31828 7705 84999 89540
       48602 50463 88072 51146 56751 68936 35460 97946 4854 49599 94860 45932 44667 91158 71368
       45287 31594 69183 87026 46632 42463 37332 64073 90220 79771 82217 29659 36138 83980 44474
       22804 93716 95535 89884 26262 54571 52344 94785 42008 45357 38641 59179 61716 392 23002
       33983 65695 16465 37567 92860 88059 35973 16055 24666 89157 42913 9137 37382 88921 85825
       31228 16985 41256 28723 80431 65300 67289 78740 22005 76071 13656 22704 86121 97036 91488
       62393 53904 21124 86834 73149 44775 79509 81378 27196 10618 37510 10330 42445 61566 11680
       17454 37522 52639 5525 5019 25741 90812 40478 23686 95665 90077 34897 57949 51095 42406
       61809 58675 23081 47343 62052 86065 89806 99383 50137 96377 79153 48705 42387 31643 49036
       48336 84369 5396 60222 74252 48009 14792 42948 42793 56799 88304 97785 32329 66371 98176
       29316 1429 8101 62132 38996 17312 50190 74968 49718 91207 80476 92630 16696 17857 81550
       3212 62870 66020 44467 91592 62803 26119 75232 41542 64475 51302 55197 87178 53774 68585
       71683 28764 52079 92806 31949 25228 53933 27809 6605 81128 38427 60466 7809 97223 22031
       18872 35311 35423 71510 57187 40442 13602 47999 97271 53639 60015 3699 88535 34315 54794
       78665 31934 43611 18098 79277 5662 20514 85434 5044 87002 81810 549 35706 40548 32191
Array: 55478 38628 81647 41698 86300 99365 71535 30661 28548 74787 18253 27069 30427 17963 99235
       68511 57476 27929 61525 5304 69490 97640 19170 2614 84795 43351 30423 88690 60646 73846
       35841 45559 22752 41236 5780 13355 89244 36924 56302 48389 10074 60958 46173 58755 43680
       30941 63630 56222 55393 42113 95217 89056 8655 86536 38774 99861 67011 47755 16556 84868
       84742 43759 11412 67113 4577 3004 29915 30695 78235 87808 95169 45889 59357 98699 99662
       37853 32475 28826 35852 74173 15125 51568 62059 62138 96467 36845 80390 39887 67272 98352
       39122 52134 72180 67050 30011 77483 52891 44002 13005 71856 28796 56355 2278 17485 33352
       92476 71690 65827 37653 23893 56351 52777 91812 18409 31266 88279 55253 28007 28165 38876
       26359 83638 91010 14890 67040 37372 8724 19930 81373 21728 8138 10168 94435 10415 44004
       27786 19242 32045 9964 56894 55937 66314 26023 47749 84722 73640 52379 56327 1647 96895
       44349 30437 88795 96427 39594 20744 38006 93526 48552 60962 91006 86978 21427 15166 84201
       45657 51779 36530 81079 39640 93716 37872 53241 58066 35143 6879 34433 38841 95414 68747
       27941 93715 47948 71551 11812 27224 77212 32325 12657 98607 35678 10818 99155 71384 51365
       95202 44357 80533 2563 59246 47572 39934 84321 83853 21306 6049 91990 47825 16835 18757
       8181 44620 37998 40225 70936 11244 96162 37249 53618 60262 38323 27257 12640 94649 28903
       25886 6202 89611 6418 8765 65208 53989 48698 49529 54194 86356 71929 46183 50532 88763
       59810 51006 46111 82561 92241 68242 12267 97837 5165 68569 46225 31591 45878 8749 90345
       9986 42706 48729 82560 98098 90841 94128 87153 99495 80664 42278 99356 64026 90033 32263
       47697 72477 11475 59109 39589 16051 78464 85856 46746 73050 90015 58266 35290 49371 56964
       64939 58712 49734 19289 15289 20669 30532 27802 74270 501 88063 28944 27757 17054 39944
       73012 42939 46145 62622 65709 54909 44182 36049 19959 93710 90242 22666 81990 36425 89549
       70752 17715 64613 20485 37003 79901 57506 83886 7702 31775 84386 12116 60718 28495 29169
       17013 1506 88459 63157 80479 70519 34418 24660 6568 70728 34721 96809 93393 16710 49585
       82941 3813 67300 47553 24298 20654 43805 81803 20892 51506 29929 5277 79973 6998 50123
       25493 24010 51628 13952 3518 48459 84470 37935 89470 7389 8662 40543 4198 18406 57252
       5909 53097 37133 94704 65876 93078 15447 3881 86604 63998 64843 93961 67328 2621 9126
       65245 52041 394 18126 33119 40033 28194 87343 9626 86259 38837 16504 37043 77677 28269
       34952 77311 67031 82899 65213 95194 26474 58776 27519 39130 57383 63196 66299 72889 50931
       70134 17699 77417 53785 81603 1714 90791 25408 99868 11682 93265 29796 33310 73238 36793
       83433 98730 77154 51412 29033 80671 99870 29855 18606 89340 37243 43619 46234 57792 78377
       3485 44278 12427 80901 98062 94029 98966 88852 35788 15185 533 45405 44980 50195 18642
       98124 33627 33723 91629 1390 79108 72300 1260 8962 7257 6951 62556 67227 53184 20348
       45603 73020 80977 74381 70273 79038 68410 85590 84242 20549 775 1126 65953 62106 51320
       946 60230 1298 34669 68210 2688 13776 40509 3947 39089 64117 27249 1644 31344 96784
       38343 93298 69803 19319 67679 56427 14709 52440 42017 98950 72988 42791 75 55293 4896
       51528 62430 60132 97638 61342 68724 82231 73609 82912 87396 58529 45488 35338 4406 54237
       5790 4015 87326 54518 86574 85423 45358 97053 88928 61205 94068 47557 76912 58094 37589
       34015 20586 23407 45489 79694 79348 61539 74509 81555 24636 47558 71569 99254 82848 20940
       51395 56238 81477 69044 90906 49687 71731 21033 6547 92029 60121 70664 19277 78117 18359
       32412 16459 28008 18567 52130 12038 74993 66838 80829 17009 82139 70169 76151 82213 25461
       97399 49959 81698 78875 19003 88956 44913 7085 9988 67812 99114 86461 54827 34742 64577
       73185 67154 97387 17544 85720 49516 45934 77064 32705 26762 10425 14843 96930 86575 13408
       22390 325 79718 20440 95552 98720 9395 40464 5805 19382 8275 21270 22194 63101 56011
       42034 26666 23685 79166 21369 89560 88595 53167 9793 75198 17165 74635 85510 844 77255
       9174 39690 5981 25919 57816 55452 65952 86009 42794 75577 72267 81630 8432 25662 75658
       72569 34151 14602 39599 33401 96167 34793 59874 54942 78663 15355 28676 58210 98005 1565
       86770 52637 39516 509 86533 41587 66376 32466 18651 99081 59227 29075 30275 72509 32001
       60034 11250 48678 39752 31689 44229 54823 41083 84692 76979 76817 9319 98248 99010 88771
       70611 2132 41408 10126 2640 44292 51713 85367 76757 86715 799 52335 32141 31074 24843
       80493 7459 36093 29170 63562 67781 73398 18385 25216 74442 11715 18384 112 26315 33745
       10988 52371 56037 87471 66360 17378 72546 48590 90986 55458 52337 65866 17297 87674 86623
       53053 31451 79672 40378 2320 82597 42153 64029 79650 31080 25233 73717 78636 2144 48162
       9141 32019 38502 48899 93859 34547 28246 55397 9055 26152 96385 56612 97721 11990 55811
       88882 96925 35876 46641 23402 54867 90932 91466 40234 67688 78180 41032 20023 26672 88457
       61217 7165 12268 97309 36334 75829 81442 26084 10565 23009 525 22280 41392 16988 64946
       75136 5869 61870 27364 68862 1623 98582 59793 93089 38815 43833 87620 96199 80207 14292
       1007 41423 21456 29626 55084 74141 5455 52877 16576 32371 75885 33452 71002 33628 50439
       35947 8763 56308 97816 52478 25169 15791 51060 1313 8879 89874 45145 12850 2424 41703
       27141 19783 99478 64948 49408 54561 55441 71214 23789 72016 3585 99673 21820 74586 49652
       72258 10533 58414 44917 24700 10892 86437 40490 78303 4102 65720 84528 49246 78570 86952
       7301 22062 23086 6778 3362 72493 77690 58802 43707 1478 47169 47291 17502 85340 21876
       87885 46059 13289 27922 25224 34657 17481 13819 87824 43625 5368 21340 18259 7230 22183
       32577 27670 87852 54909 53588 45667 10360 35891 31675 53153 11467 20293 51134 36251 45954
       35012 84558 89961 49613 24157 23361 45779 75301 99586 17073 53963 31292 45748 28524 29296
       67153 57598 32408 41918 18866 73460 69161 5303 13949 47463 9404 79669 31991 75001 58238
       35294 98653 96651 58379 5430 12 30871 83119 75165 74577 948 38686 38219 18449 24025
       11866 18217 90905 84254 22039 57264 1631 94584 22205 8969 66393 74542 74834 83690 78567
       26792 89303 93756 22815 29680 96075 21764 71832 60104 17765 19263 85336 7833 14251 3832
       47312 54016 61314 85813 2915 55172 20359 47512 26921 45765 73664 39657 2377 87736 51646
       60095 1953 97974 8854 43871 16840 82313 13031 38494 12614 60494 64249 92282 8836 55601
       66871 44129 54254 63521 2507 59683 79885 33377 59154 55049 24306 60101 10086 62524 94902
       34111 38970 96854 32084 64176 40724 48923 62840 70107 3768 75453 46952 68016 84086 55787
       23617 50956 16267 77870 30829 18773 53904 27065 68501 29409 82113 9158 5862 92199 88034
       77809 87926 24626 91097 15847 66201 42105 49680 96371 29928 93304 18091 67619 27915 25320
       55995 63179 31501 60198 18087 85088 22216 28447 20979 70242 97951 48797 6886 49085 1399
       74539 22747 36203 64500 88711 76711 4212 34490 68363 20150 67914 38677 51441 13661 67201
       763 42661 27003 13968 74744 7530 71044 40019 70370 41150 43786 62174 4453 28154 46260
       60239 51770 13567 92857 45991 60747 11629 16246 87811 96481 45655 86276 5639 51516 94826
       93672 68630 37486 37026 82597 28581 60908 53640 84951 47629 11141 45089 9802 15593 73242
       72413 92183 25011 85980 85039 87353 46726 96667 3598 50889 9500 49252 37164 15138 17119
       31989 25161 85748 85826 62186 84697 30758 23093 54688 15709 70721 65829 60797 96875 97773
       34038 69287 89956 75400 71618 74994 79104 34696 88013 82701 85584 13864 48305 22747 29001
       6153 56132 59888 97057 40385 81926 70672 42015 76509 92877 67335 42902 67418 58521 42943
       52840 92228 90701 62947 15042 36733 75374 53157 24916 35477 70921 60531 37164 95106 74781
       80737 77325 21216 58402 63137 40482 29926 99848 87994 73198 45612 78009 12854 64340 65744
       65423 71087 54161 67523 73264 32698 68571 4021 72143 23258 19729 59215 5438 96877 56089
       3211 30914 41728 9518 22665 13345 863 1768 48040 5227 84469 49975 19090 49125 72721
       45984 36329 47220 86961 27425 79419 53162 85881 45450 49532 32161 55105 83974 99779 83019
       40995 51100 54311 88847 27649 72397 73935 49864 17195 11265 36457 31498 60061 43342 80582
       80851 38879 4842 17053 19730 93552 10116 40293 28041 78478 60442 95954 17155 11883 25967
       48090 14547 60159 18602 98421 33422 67652 66991 53795 56146 6601 73523 15360 28390 70400
       87801 31600 17665 45880 57469 40330 59224 58332 58449 23616 79910 59269 73590 99000 8393
       62663 63441 39292 39173 82043 37712 72595 66046 21055 26389 22191 27655 16263 37550 56044
       3014 41702 3996 20679 87581 77816 77360 63157 52499 52160 3124 32409 11429 76713 31408
       19821 55727 94848 59112 94900 93242 13176 83846 59287 34230 10234 81477 78236 42848 35379
       50631 45862 93432 54626 82892 81013 32442 76603 60521 1292 45114 63644 33700 56542 56708
       9293 22284 39150 85532 19340 95886 83809 90012 54253 60318 82888 21587 19571 66657 96459
       77812 12533 72809 68512 75480 4202 21596 50853 73711 46512
       707 8971 3291 21922 83724 82779 62404 13649 82626 66749 3198 44590 61109 16051 25281
       65107 92715 12435 59955 51826 7334 69548 81353 91179 28835 15582 17764 26663 10169 76963
       78393 60800 39176 71825 31777 38419 69189 80570 31373 29709 81862 76487 93352 15561 33028
       50059 80668 25742 78845 56974 93920 86178 26521 91624 93708 71707 7206 27823 98370 33726
       4786 93114 94525 60313 64938 26302 98732 34126 6871 30104 80186 5084 22942 73537 20645
       55970 39948 1312 98063 18792 74637 8334 21322 1157 99958 31381 89216 23515 59204 87585
       78865 28992 32787 42436 15953 76563 21854 85466 62444 83655 34997 94604 38760 35323 10734
       43204 96901 80511 48045 30306 240 41596 56773 40533 85989 51602 17326 98294 85108 45560
       57240 80341 80698 68117 40653 61988 94418 55736 12465 17640 2192 92651 22724 25133 82539
       59720 81102 22486 61031 95517 41278 52019 20202 78951 69527
       21778 60967 33017 77280 46499 68709 73165 30307 58720 27417 6976 57959 65356 42898 40967
       24260 85814 54530 27550 24088 38254 10329 2843 68254 9306 69591 71452 70247 47051 3854
       61814 21762 69958 10953 80550 2262 87515 18755 87727 66310 2410 39076 77265 41169 74398
       95528 90254 17107 76038 54650 63764 92630 96245 36888 49514
       4351 79298 35364 37367 72929 98214 6075 62446 28521 81146 6214 35496 55456 87921 78394
       96422 49735 16507 82732 77039 97056 84993 64553 32163 89072
Max = 99987
Max = 99987
Max = 99987
