my rank=0
Rank=0: number of processes =1
Array: 91760 93771 64755 30190 98133 53609 95613 41630 40902 45698 94096 13781 34369 70966 75812
       67414 96612 11434 21892 23072 43800 72842 38246 32013 2868 43975 72704 75523 1726 25987
       38739 9837 36110 3493 56378 50594 73454 68342 8576 30707 14040 2671 60839 64760 89988
       36650 48525 86600 64435 70417 9671 8234 59610 64268 56598 62477 8242 29301 54352 26319
       71639 93090 52507 7748 12934 8885 74694 86387 77226 83269 33445 7617 85939 94283 88729
       75926 47284 37253 78877 11718 24021 4899 36303 83631 69166 92900 62459 93760 38552 16810
       20078 10191 26251 72585 34290 39185 97821 8983 41923 91398 92251 75368 15367 94541 86002
       4095 86819 33286 57699 65695 61355 98072 70594 97658 98054 56111 90557 60512 49870 29109
       93674 69948 55651 19924 58884 89940 59108 73056 15275 17383 64453 23877 92750 79819 18418
       78751 265 21588 28388 74316 87282 89743 72387 74227 87400 70440 30338 94308 47303 96559
       39768 40976 82858 95418 77252 41741 1710 52711 14796 16984 70093 95601 57212 62842 75419
       75629 57945 92036 97216 86332 66351 850 92426 38737 91428 79825 25528 21765 90485 89182
       34676 30252 30158 17533 42022 7409 75626 43731 76471 6773 77066 46564 2373 34277 9405
       94144 26258 83701 86179 39825 86385 52529 40674 78810 7617 32102 74987 33144 70218 65471
       22325 21245 95722 68834 38778 37743 92594 14403 97825 69065 21175 74890 15628 23548 25519
       41384 34043 51776 25085 20221 91600 11469 89101 48626 6630 96717 97079 81616 46212 83648
       47086 84888 4893 59160 70074 43670 13254 62667 74424 11079 48083 95598 2320 80062 35497
       27838 37798 85891 95965 62882 6111 3917 90702 95211 52542 97331 8279 49620 95299 70842
       33267 42384 55730 54511 1543 25803 98180 14797 4821 88955 42227 69256 84553 60898 49317
       36401 88736 3466 38644 1052 66347 44754 4968 73400 56317 73861 87083 80947 39832 82381
       51789 73099 41116 23870 43961 59011 66024 42141 73807 70844 31095 32385 56451 31999 93282
       22120 84752 98369 25585 23395 99421 8284 84500 20740 98035 57168 94601 85117 38115 50784
       83849 6255 23882 24965 30124 84195 83975 96147 26335 74133 83342 73781 22869 56145 22132
       16150 78264 23235 30871 20200 62981 46643 28483 47480 83734 26518 21000 94686 27986 59114
       45470 28187 81720 85703 69503 28195 69897 69829 40693 96231 60313 24034 86364 83181 96530
       8495 15682 74793 48081 46552 94993 11061 9546 39827 58540 93280 66344 79539 87965 10682
       55004 33434 38868 53075 19137 8370 81269 89033 78198 21961 1616 38510 62347 87979 38042
       58876 12825 53723 50021 77257 16627 45013 88317 26172 84839 63208 19451 67535 42747 23768
       94568 14102 57201 33435 83529 92689 58156 64797 81722 36353 3110 99689 91214 65456 4019
       29255 24331 33195 99329 74351 10451 15955 35715 98767 58479 36906 61974 94281 20792 21072
       18048 15359 51526 91601 48793 35054 84289 6948 99850 82362 59652 19311 82050 67217 84766
       86068 12823 25449 19262 12151 16151 29712 28106 68218 28478 2936 5123 6804 97216 42266
       27875 15264 57624 79400 6864 22768 14453 7504 29715 30655 89866 5718 49965 71915 89286
       51083 74335 2108 92883 9948 14258 25385 39660 58715 93602 84489 61650 15076 7644 58866
       57341 35519 90481 14964 14918 97344 37731 45723 4847 83797 92729 11064 5866 59045 99331
       95151 26479 73665 97258 19361 83612 27868 44746 39623 2934 54699 40464 64584 69775 48107
       39801 43467 99977 46633 58431 31247 43976 12513 76969 65174 12662 86049 92590 18527 45093
       91920 13678 71572 65584 27287 7284 65547 71506 68381 21522 74440 23080 61985 55375 9206
       26443 11527 52672 26420 58159 27454 57666 18486 39967 50986 83659 52628 37034 92600 87506
       98478 84519 17535 86401 50102 44822 93685 15649 32679 62065 53522 7118 1496 15506 78844
       10701 58300 90370 79725 84719 48528 7178 58736 67013 63496 26073 67024 16123 79458 59623
       19981 77936 44142 37515 64336 10595 98688 74372 42595 31367 52789 96116 54836 54284 27973
       33680 81337 86273 24049 61061 70991 72577 68238 46079 55941 31734 72151 39316 64208 51609
       98939 84188 45896 59432 38055 26583 70026 36742 955 12621 84460 53743 25088 39296 24378
       53061 72975 22066 39333 13375 83126 26675 2303 67716 72753 58244 15801 61256 97559 96360
       29216 12849 96900 75111 72280 34954 1693 58658 88047 18999 87630 72507 89093 12717 11802
       13471 65777 1128 51888 21461 14502 35014 48136 16805 19081 37240 75048 51233 98495 88958
       47592 44062 18159 60843 19172 90438 95796 37217 65447 83843 56215 53076 56349 45308 65793
       84502 75130 47921 85629 27017 69382 130 78382 17517 16934 13814 71108 8333 65046 69603
       13643 28990 30016 31801 89832 49188 38590 1980 2756 4037 2174 58970 57112 58522 20629
       39256 59375 12110 87177 45003 55479 56558 61484 50212 90426 94770 64026 61533 3102 45423
       47487 33096 74412 77503 81248 80596 43042 19838 82575 45797 23874 84748 21118 97337 59621
       58099 36593 18995 70208 40121 80349 25686 13030 41832 92250 19807 36601 56275 97691 56055
       18049 61530 5502 8813 55384 86750 89408 98425 6587 88334 60573 46812 89433 98042 60500
       65405 56140 13444 751 26348 53564 81099 68385 82945 39282 60634 2751 92235 33260 442
       48289 51309 61971 53790 60121 17354 40539 65880 32130 63477 70565 9054 26640 59997 7095
       87140 25401 63235 583 26151 89582 70499 23601 74318 53443 79234 51304 72546 71468 84563
       72987 19756 52223 51309 89898 28695 85014 46788 94574 33495 10265 65138 42548 36904 41486
       49642 40395 66886 12876 57330 9388 18809 27828 49340 9479 97622 28574 60782 70167 41
       61696 43153 36149 13919 10813 26046 42613 95826 72833 53539 45672 99449 18676 88219 52705
       60162 37861 93099 43399 67088 50428 69139 2249 94607 18478 11727 92229 47051 72508 62395
       63444 34203 21900 99592 64473 32712 25637 7086 44890 14821 60624 90561 14270 95651 95132
       83326 72164 32992 76424 15563 16431 43204 1053 18679 37810 19530 30405 30038 82933 19264
       92433 46376 69819 30684 45967 34291 79747 87955 57728 24636 19127 34703 31549 49748 30354
       26680 33073 18869 76023 25849 50783 92453 69052 51835 27484 6861 71365 57888 36899 70649
       93504 45683 17024 63322 76366 79342 97612 72464 83648 55340 13452 2774 6394 61352 68874
       53099 88031 1946 71968 80405 27794 22750 89209 96845 90937
Max = 99977
Max = 99977
Max = 99977
